        -:    0:Source:../../lib/dfa.c
        -:    0:Programs:50
        -:    1:/* dfa.c - deterministic extended regexp routines for GNU
        -:    2:   Copyright (C) 1988, 1998, 2000, 2002, 2004-2005, 2007-2020 Free Software
        -:    3:   Foundation, Inc.
        -:    4:
        -:    5:   This program is free software; you can redistribute it and/or modify
        -:    6:   it under the terms of the GNU General Public License as published by
        -:    7:   the Free Software Foundation; either version 3, or (at your option)
        -:    8:   any later version.
        -:    9:
        -:   10:   This program is distributed in the hope that it will be useful,
        -:   11:   but WITHOUT ANY WARRANTY; without even the implied warranty of
        -:   12:   MERCHANTABILITY or FITNESS FOR A PARTICULAR PURPOSE.  See the
        -:   13:   GNU General Public License for more details.
        -:   14:
        -:   15:   You should have received a copy of the GNU General Public License
        -:   16:   along with this program; if not, write to the Free Software
        -:   17:   Foundation, Inc.,
        -:   18:   51 Franklin Street - Fifth Floor, Boston, MA  02110-1301, USA */
        -:   19:
        -:   20:/* Written June, 1988 by Mike Haertel
        -:   21:   Modified July, 1988 by Arthur David Olson to assist BMG speedups  */
        -:   22:
        -:   23:#include <config.h>
        -:   24:
        -:   25:#include "dfa.h"
        -:   26:
        -:   27:#include "flexmember.h"
        -:   28:
        -:   29:#include <assert.h>
        -:   30:#include <ctype.h>
        -:   31:#include <stdint.h>
        -:   32:#include <stdio.h>
        -:   33:#include <stdlib.h>
        -:   34:#include <limits.h>
        -:   35:#include <string.h>
        -:   36:
        -:   37:/* Another name for ptrdiff_t, for sizes of objects and nonnegative
        -:   38:   indexes into objects.  It is signed to help catch integer overflow.
        -:   39:   It has its own name because it is for nonnegative values only.  */
        -:   40:typedef ptrdiff_t idx_t;
        -:   41:static idx_t const IDX_MAX = PTRDIFF_MAX;
        -:   42:
        -:   43:static bool
function streq called 0 returned 0% blocks executed 0%
    #####:   44:streq (char const *a, char const *b)
        -:   45:{
    #####:   46:  return strcmp (a, b) == 0;
        -:   47:}
        -:   48:
        -:   49:static bool
function isasciidigit called 0 returned 0% blocks executed 0%
    #####:   50:isasciidigit (char c)
        -:   51:{
    #####:   52:  return '0' <= c && c <= '9';
branch  0 never executed
branch  1 never executed
branch  2 never executed
branch  3 never executed
        -:   53:}
        -:   54:
        -:   55:#include "gettext.h"
        -:   56:#define _(str) gettext (str)
        -:   57:
        -:   58:#include <wchar.h>
        -:   59:
        -:   60:#include "intprops.h"
        -:   61:#include "xalloc.h"
        -:   62:#include "localeinfo.h"
        -:   63:
        -:   64:#ifndef FALLTHROUGH
        -:   65:# if __GNUC__ < 7
        -:   66:#  define FALLTHROUGH ((void) 0)
        -:   67:# else
        -:   68:#  define FALLTHROUGH __attribute__ ((__fallthrough__))
        -:   69:# endif
        -:   70:#endif
        -:   71:
        -:   72:#ifndef MIN
        -:   73:# define MIN(a,b) ((a) < (b) ? (a) : (b))
        -:   74:#endif
        -:   75:
        -:   76:/* HPUX defines these as macros in sys/param.h.  */
        -:   77:#ifdef setbit
        -:   78:# undef setbit
        -:   79:#endif
        -:   80:#ifdef clrbit
        -:   81:# undef clrbit
        -:   82:#endif
        -:   83:
        -:   84:/* First integer value that is greater than any character code.  */
        -:   85:enum { NOTCHAR = 1 << CHAR_BIT };
        -:   86:
        -:   87:/* Number of bits used in a charclass word.  */
        -:   88:enum { CHARCLASS_WORD_BITS = 64 };
        -:   89:
        -:   90:/* This represents part of a character class.  It must be unsigned and
        -:   91:   at least CHARCLASS_WORD_BITS wide.  Any excess bits are zero.  */
        -:   92:typedef uint_least64_t charclass_word;
        -:   93:
        -:   94:/* An initializer for a charclass whose 64-bit words are A through D.  */
        -:   95:#define CHARCLASS_INIT(a, b, c, d) {{a, b, c, d}}
        -:   96:
        -:   97:/* The maximum useful value of a charclass_word; all used bits are 1.  */
        -:   98:static charclass_word const CHARCLASS_WORD_MASK
        -:   99:  = ((charclass_word) 1 << (CHARCLASS_WORD_BITS - 1) << 1) - 1;
        -:  100:
        -:  101:/* Number of words required to hold a bit for every character.  */
        -:  102:enum
        -:  103:{
        -:  104:  CHARCLASS_WORDS = (NOTCHAR + CHARCLASS_WORD_BITS - 1) / CHARCLASS_WORD_BITS
        -:  105:};
        -:  106:
        -:  107:/* Sets of unsigned characters are stored as bit vectors in arrays of ints.  */
        -:  108:typedef struct { charclass_word w[CHARCLASS_WORDS]; } charclass;
        -:  109:
        -:  110:/* Convert a possibly-signed character to an unsigned character.  This is
        -:  111:   a bit safer than casting to unsigned char, since it catches some type
        -:  112:   errors that the cast doesn't.  */
        -:  113:static unsigned char
function to_uchar called 0 returned 0% blocks executed 0%
    #####:  114:to_uchar (char ch)
        -:  115:{
    #####:  116:  return ch;
        -:  117:}
        -:  118:
        -:  119:/* Contexts tell us whether a character is a newline or a word constituent.
        -:  120:   Word-constituent characters are those that satisfy iswalnum, plus '_'.
        -:  121:   Each character has a single CTX_* value; bitmasks of CTX_* values denote
        -:  122:   a particular character class.
        -:  123:
        -:  124:   A state also stores a context value, which is a bitmask of CTX_* values.
        -:  125:   A state's context represents a set of characters that the state's
        -:  126:   predecessors must match.  For example, a state whose context does not
        -:  127:   include CTX_LETTER will never have transitions where the previous
        -:  128:   character is a word constituent.  A state whose context is CTX_ANY
        -:  129:   might have transitions from any character.  */
        -:  130:
        -:  131:enum
        -:  132:  {
        -:  133:    CTX_NONE = 1,
        -:  134:    CTX_LETTER = 2,
        -:  135:    CTX_NEWLINE = 4,
        -:  136:    CTX_ANY = 7
        -:  137:  };
        -:  138:
        -:  139:/* Sometimes characters can only be matched depending on the surrounding
        -:  140:   context.  Such context decisions depend on what the previous character
        -:  141:   was, and the value of the current (lookahead) character.  Context
        -:  142:   dependent constraints are encoded as 9-bit integers.  Each bit that
        -:  143:   is set indicates that the constraint succeeds in the corresponding
        -:  144:   context.
        -:  145:
        -:  146:   bit 6-8  - valid contexts when next character is CTX_NEWLINE
        -:  147:   bit 3-5  - valid contexts when next character is CTX_LETTER
        -:  148:   bit 0-2  - valid contexts when next character is CTX_NONE
        -:  149:
        -:  150:   succeeds_in_context determines whether a given constraint
        -:  151:   succeeds in a particular context.  Prev is a bitmask of possible
        -:  152:   context values for the previous character, curr is the (single-bit)
        -:  153:   context value for the lookahead character.  */
        -:  154:static int
function newline_constraint called 0 returned 0% blocks executed 0%
    #####:  155:newline_constraint (int constraint)
        -:  156:{
    #####:  157:  return (constraint >> 6) & 7;
        -:  158:}
        -:  159:static int
function letter_constraint called 0 returned 0% blocks executed 0%
    #####:  160:letter_constraint (int constraint)
        -:  161:{
    #####:  162:  return (constraint >> 3) & 7;
        -:  163:}
        -:  164:static int
function other_constraint called 0 returned 0% blocks executed 0%
    #####:  165:other_constraint (int constraint)
        -:  166:{
    #####:  167:  return constraint & 7;
        -:  168:}
        -:  169:
        -:  170:static bool
function succeeds_in_context called 0 returned 0% blocks executed 0%
    #####:  171:succeeds_in_context (int constraint, int prev, int curr)
        -:  172:{
    #####:  173:  return !! (((curr & CTX_NONE      ? other_constraint (constraint) : 0) \
branch  0 never executed
branch  1 never executed
call    2 never executed
    #####:  174:              | (curr & CTX_LETTER  ? letter_constraint (constraint) : 0) \
branch  0 never executed
branch  1 never executed
call    2 never executed
    #####:  175:              | (curr & CTX_NEWLINE ? newline_constraint (constraint) : 0)) \
branch  0 never executed
branch  1 never executed
call    2 never executed
    #####:  176:             & prev);
        -:  177:}
        -:  178:
        -:  179:/* The following describe what a constraint depends on.  */
        -:  180:static bool
function prev_newline_dependent called 0 returned 0% blocks executed 0%
    #####:  181:prev_newline_dependent (int constraint)
        -:  182:{
    #####:  183:  return ((constraint ^ constraint >> 2) & 0111) != 0;
        -:  184:}
        -:  185:static bool
function prev_letter_dependent called 0 returned 0% blocks executed 0%
    #####:  186:prev_letter_dependent (int constraint)
        -:  187:{
    #####:  188:  return ((constraint ^ constraint >> 1) & 0111) != 0;
        -:  189:}
        -:  190:
        -:  191:/* Tokens that match the empty string subject to some constraint actually
        -:  192:   work by applying that constraint to determine what may follow them,
        -:  193:   taking into account what has gone before.  The following values are
        -:  194:   the constraints corresponding to the special tokens previously defined.  */
        -:  195:enum
        -:  196:  {
        -:  197:    NO_CONSTRAINT = 0777,
        -:  198:    BEGLINE_CONSTRAINT = 0444,
        -:  199:    ENDLINE_CONSTRAINT = 0700,
        -:  200:    BEGWORD_CONSTRAINT = 0050,
        -:  201:    ENDWORD_CONSTRAINT = 0202,
        -:  202:    LIMWORD_CONSTRAINT = 0252,
        -:  203:    NOTLIMWORD_CONSTRAINT = 0525
        -:  204:  };
        -:  205:
        -:  206:/* The regexp is parsed into an array of tokens in postfix form.  Some tokens
        -:  207:   are operators and others are terminal symbols.  Most (but not all) of these
        -:  208:   codes are returned by the lexical analyzer.  */
        -:  209:
        -:  210:typedef ptrdiff_t token;
        -:  211:static token const TOKEN_MAX = PTRDIFF_MAX;
        -:  212:
        -:  213:/* States are indexed by state_num values.  These are normally
        -:  214:   nonnegative but -1 is used as a special value.  */
        -:  215:typedef ptrdiff_t state_num;
        -:  216:
        -:  217:/* Predefined token values.  */
        -:  218:enum
        -:  219:{
        -:  220:  END = -1,                     /* END is a terminal symbol that matches the
        -:  221:                                   end of input; any value of END or less in
        -:  222:                                   the parse tree is such a symbol.  Accepting
        -:  223:                                   states of the DFA are those that would have
        -:  224:                                   a transition on END.  This is -1, not some
        -:  225:                                   more-negative value, to tweak the speed of
        -:  226:                                   comparisons to END.  */
        -:  227:
        -:  228:  /* Ordinary character values are terminal symbols that match themselves.  */
        -:  229:
        -:  230:  /* CSET must come last in the following list of special tokens.  Otherwise,
        -:  231:     the list order matters only for performance.  Related special tokens
        -:  232:     should have nearby values so that code like (t == ANYCHAR || t == MBCSET
        -:  233:     || CSET <= t) can be done with a single machine-level comparison.  */
        -:  234:
        -:  235:  EMPTY = NOTCHAR,              /* EMPTY is a terminal symbol that matches
        -:  236:                                   the empty string.  */
        -:  237:
        -:  238:  QMARK,                        /* QMARK is an operator of one argument that
        -:  239:                                   matches zero or one occurrences of its
        -:  240:                                   argument.  */
        -:  241:
        -:  242:  STAR,                         /* STAR is an operator of one argument that
        -:  243:                                   matches the Kleene closure (zero or more
        -:  244:                                   occurrences) of its argument.  */
        -:  245:
        -:  246:  PLUS,                         /* PLUS is an operator of one argument that
        -:  247:                                   matches the positive closure (one or more
        -:  248:                                   occurrences) of its argument.  */
        -:  249:
        -:  250:  REPMN,                        /* REPMN is a lexical token corresponding
        -:  251:                                   to the {m,n} construct.  REPMN never
        -:  252:                                   appears in the compiled token vector.  */
        -:  253:
        -:  254:  CAT,                          /* CAT is an operator of two arguments that
        -:  255:                                   matches the concatenation of its
        -:  256:                                   arguments.  CAT is never returned by the
        -:  257:                                   lexical analyzer.  */
        -:  258:
        -:  259:  OR,                           /* OR is an operator of two arguments that
        -:  260:                                   matches either of its arguments.  */
        -:  261:
        -:  262:  LPAREN,                       /* LPAREN never appears in the parse tree,
        -:  263:                                   it is only a lexeme.  */
        -:  264:
        -:  265:  RPAREN,                       /* RPAREN never appears in the parse tree.  */
        -:  266:
        -:  267:  WCHAR,                        /* Only returned by lex.  wctok contains
        -:  268:                                   the wide character representation.  */
        -:  269:
        -:  270:  ANYCHAR,                      /* ANYCHAR is a terminal symbol that matches
        -:  271:                                   a valid multibyte (or single byte) character.
        -:  272:                                   It is used only if MB_CUR_MAX > 1.  */
        -:  273:
        -:  274:  BEG,                          /* BEG is an initial symbol that matches the
        -:  275:                                   beginning of input.  */
        -:  276:
        -:  277:  BEGLINE,                      /* BEGLINE is a terminal symbol that matches
        -:  278:                                   the empty string at the beginning of a
        -:  279:                                   line.  */
        -:  280:
        -:  281:  ENDLINE,                      /* ENDLINE is a terminal symbol that matches
        -:  282:                                   the empty string at the end of a line.  */
        -:  283:
        -:  284:  BEGWORD,                      /* BEGWORD is a terminal symbol that matches
        -:  285:                                   the empty string at the beginning of a
        -:  286:                                   word.  */
        -:  287:
        -:  288:  ENDWORD,                      /* ENDWORD is a terminal symbol that matches
        -:  289:                                   the empty string at the end of a word.  */
        -:  290:
        -:  291:  LIMWORD,                      /* LIMWORD is a terminal symbol that matches
        -:  292:                                   the empty string at the beginning or the
        -:  293:                                   end of a word.  */
        -:  294:
        -:  295:  NOTLIMWORD,                   /* NOTLIMWORD is a terminal symbol that
        -:  296:                                   matches the empty string not at
        -:  297:                                   the beginning or end of a word.  */
        -:  298:
        -:  299:  BACKREF,                      /* BACKREF is generated by \<digit>
        -:  300:                                   or by any other construct that
        -:  301:                                   is not completely handled.  If the scanner
        -:  302:                                   detects a transition on backref, it returns
        -:  303:                                   a kind of "semi-success" indicating that
        -:  304:                                   the match will have to be verified with
        -:  305:                                   a backtracking matcher.  */
        -:  306:
        -:  307:  MBCSET,                       /* MBCSET is similar to CSET, but for
        -:  308:                                   multibyte characters.  */
        -:  309:
        -:  310:  CSET                          /* CSET and (and any value greater) is a
        -:  311:                                   terminal symbol that matches any of a
        -:  312:                                   class of characters.  */
        -:  313:};
        -:  314:
        -:  315:
        -:  316:/* States of the recognizer correspond to sets of positions in the parse
        -:  317:   tree, together with the constraints under which they may be matched.
        -:  318:   So a position is encoded as an index into the parse tree together with
        -:  319:   a constraint.  */
        -:  320:typedef struct
        -:  321:{
        -:  322:  idx_t index;			/* Index into the parse array.  */
        -:  323:  unsigned int constraint;      /* Constraint for matching this position.  */
        -:  324:} position;
        -:  325:
        -:  326:/* Sets of positions are stored as arrays.  */
        -:  327:typedef struct
        -:  328:{
        -:  329:  position *elems;              /* Elements of this position set.  */
        -:  330:  idx_t nelem;			/* Number of elements in this set.  */
        -:  331:  idx_t alloc;			/* Number of elements allocated in ELEMS.  */
        -:  332:} position_set;
        -:  333:
        -:  334:/* A state of the dfa consists of a set of positions, some flags,
        -:  335:   and the token value of the lowest-numbered position of the state that
        -:  336:   contains an END token.  */
        -:  337:typedef struct
        -:  338:{
        -:  339:  size_t hash;                  /* Hash of the positions of this state.  */
        -:  340:  position_set elems;           /* Positions this state could match.  */
        -:  341:  unsigned char context;        /* Context from previous state.  */
        -:  342:  unsigned short constraint;    /* Constraint for this state to accept.  */
        -:  343:  token first_end;              /* Token value of the first END in elems.  */
        -:  344:  position_set mbps;            /* Positions which can match multibyte
        -:  345:                                   characters or the follows, e.g., period.
        -:  346:                                   Used only if MB_CUR_MAX > 1.  */
        -:  347:  state_num mb_trindex;         /* Index of this state in MB_TRANS, or
        -:  348:                                   negative if the state does not have
        -:  349:                                   ANYCHAR.  */
        -:  350:} dfa_state;
        -:  351:
        -:  352:/* Maximum for any transition table count.  This should be at least 3,
        -:  353:   for the initial state setup.  */
        -:  354:enum { MAX_TRCOUNT = 1024 };
        -:  355:
        -:  356:/* A bracket operator.
        -:  357:   e.g., [a-c], [[:alpha:]], etc.  */
        -:  358:struct mb_char_classes
        -:  359:{
        -:  360:  ptrdiff_t cset;
        -:  361:  bool invert;
        -:  362:  wchar_t *chars;               /* Normal characters.  */
        -:  363:  idx_t nchars;
        -:  364:  idx_t nchars_alloc;
        -:  365:};
        -:  366:
        -:  367:struct regex_syntax
        -:  368:{
        -:  369:  /* Syntax bits controlling the behavior of the lexical analyzer.  */
        -:  370:  reg_syntax_t syntax_bits;
        -:  371:  bool syntax_bits_set;
        -:  372:
        -:  373:  /* Flag for case-folding letters into sets.  */
        -:  374:  bool case_fold;
        -:  375:
        -:  376:  /* True if ^ and $ match only the start and end of data, and do not match
        -:  377:     end-of-line within data.  */
        -:  378:  bool anchor;
        -:  379:
        -:  380:  /* End-of-line byte in data.  */
        -:  381:  unsigned char eolbyte;
        -:  382:
        -:  383:  /* Cache of char-context values.  */
        -:  384:  char sbit[NOTCHAR];
        -:  385:
        -:  386:  /* If never_trail[B], the byte B cannot be a non-initial byte in a
        -:  387:     multibyte character.  */
        -:  388:  bool never_trail[NOTCHAR];
        -:  389:
        -:  390:  /* Set of characters considered letters.  */
        -:  391:  charclass letters;
        -:  392:
        -:  393:  /* Set of characters that are newline.  */
        -:  394:  charclass newline;
        -:  395:};
        -:  396:
        -:  397:/* Lexical analyzer.  All the dross that deals with the obnoxious
        -:  398:   GNU Regex syntax bits is located here.  The poor, suffering
        -:  399:   reader is referred to the GNU Regex documentation for the
        -:  400:   meaning of the @#%!@#%^!@ syntax bits.  */
        -:  401:struct lexer_state
        -:  402:{
        -:  403:  char const *ptr;	/* Pointer to next input character.  */
        -:  404:  idx_t left;		/* Number of characters remaining.  */
        -:  405:  token lasttok;	/* Previous token returned; initially END.  */
        -:  406:  idx_t parens;		/* Count of outstanding left parens.  */
        -:  407:  int minrep, maxrep;	/* Repeat counts for {m,n}.  */
        -:  408:
        -:  409:  /* Wide character representation of the current multibyte character,
        -:  410:     or WEOF if there was an encoding error.  Used only if
        -:  411:     MB_CUR_MAX > 1.  */
        -:  412:  wint_t wctok;
        -:  413:
        -:  414:  /* The most recently analyzed multibyte bracket expression.  */
        -:  415:  struct mb_char_classes brack;
        -:  416:
        -:  417:  /* We're separated from beginning or (, | only by zero-width characters.  */
        -:  418:  bool laststart;
        -:  419:};
        -:  420:
        -:  421:/* Recursive descent parser for regular expressions.  */
        -:  422:
        -:  423:struct parser_state
        -:  424:{
        -:  425:  token tok;               /* Lookahead token.  */
        -:  426:  idx_t depth;		   /* Current depth of a hypothetical stack
        -:  427:                              holding deferred productions.  This is
        -:  428:                              used to determine the depth that will be
        -:  429:                              required of the real stack later on in
        -:  430:                              dfaanalyze.  */
        -:  431:};
        -:  432:
        -:  433:/* A compiled regular expression.  */
        -:  434:struct dfa
        -:  435:{
        -:  436:  /* Fields filled by the scanner.  */
        -:  437:  charclass *charclasses;       /* Array of character sets for CSET tokens.  */
        -:  438:  idx_t cindex;			/* Index for adding new charclasses.  */
        -:  439:  idx_t calloc;			/* Number of charclasses allocated.  */
        -:  440:  ptrdiff_t canychar;           /* Index of anychar class, or -1.  */
        -:  441:
        -:  442:  /* Scanner state */
        -:  443:  struct lexer_state lex;
        -:  444:
        -:  445:  /* Parser state */
        -:  446:  struct parser_state parse;
        -:  447:
        -:  448:  /* Fields filled by the parser.  */
        -:  449:  token *tokens;                /* Postfix parse array.  */
        -:  450:  idx_t tindex;			/* Index for adding new tokens.  */
        -:  451:  idx_t talloc;			/* Number of tokens currently allocated.  */
        -:  452:  idx_t depth;			/* Depth required of an evaluation stack
        -:  453:                                   used for depth-first traversal of the
        -:  454:                                   parse tree.  */
        -:  455:  idx_t nleaves;		/* Number of leaves on the parse tree.  */
        -:  456:  idx_t nregexps;		/* Count of parallel regexps being built
        -:  457:                                   with dfaparse.  */
        -:  458:  bool fast;			/* The DFA is fast.  */
        -:  459:  token utf8_anychar_classes[9]; /* To lower ANYCHAR in UTF-8 locales.  */
        -:  460:  mbstate_t mbs;		/* Multibyte conversion state.  */
        -:  461:
        -:  462:  /* The following are valid only if MB_CUR_MAX > 1.  */
        -:  463:
        -:  464:  /* The value of multibyte_prop[i] is defined by following rule.
        -:  465:     if tokens[i] < NOTCHAR
        -:  466:     bit 0 : tokens[i] is the first byte of a character, including
        -:  467:     single-byte characters.
        -:  468:     bit 1 : tokens[i] is the last byte of a character, including
        -:  469:     single-byte characters.
        -:  470:
        -:  471:     e.g.
        -:  472:     tokens
        -:  473:     = 'single_byte_a', 'multi_byte_A', single_byte_b'
        -:  474:     = 'sb_a', 'mb_A(1st byte)', 'mb_A(2nd byte)', 'mb_A(3rd byte)', 'sb_b'
        -:  475:     multibyte_prop
        -:  476:     = 3     , 1               ,  0              ,  2              , 3
        -:  477:   */
        -:  478:  char *multibyte_prop;
        -:  479:
        -:  480:  /* Fields filled by the superset.  */
        -:  481:  struct dfa *superset;             /* Hint of the dfa.  */
        -:  482:
        -:  483:  /* Fields filled by the state builder.  */
        -:  484:  dfa_state *states;            /* States of the dfa.  */
        -:  485:  state_num sindex;             /* Index for adding new states.  */
        -:  486:  idx_t salloc;			/* Number of states currently allocated.  */
        -:  487:
        -:  488:  /* Fields filled by the parse tree->NFA conversion.  */
        -:  489:  position_set *follows;        /* Array of follow sets, indexed by position
        -:  490:                                   index.  The follow of a position is the set
        -:  491:                                   of positions containing characters that
        -:  492:                                   could conceivably follow a character
        -:  493:                                   matching the given position in a string
        -:  494:                                   matching the regexp.  Allocated to the
        -:  495:                                   maximum possible position index.  */
        -:  496:  bool searchflag;		/* We are supposed to build a searching
        -:  497:                                   as opposed to an exact matcher.  A searching
        -:  498:                                   matcher finds the first and shortest string
        -:  499:                                   matching a regexp anywhere in the buffer,
        -:  500:                                   whereas an exact matcher finds the longest
        -:  501:                                   string matching, but anchored to the
        -:  502:                                   beginning of the buffer.  */
        -:  503:
        -:  504:  /* Fields filled by dfaanalyze.  */
        -:  505:  int *constraints;             /* Array of union of accepting constraints
        -:  506:                                   in the follow of a position.  */
        -:  507:  int *separates;               /* Array of contexts on follow of a
        -:  508:                                   position.  */
        -:  509:
        -:  510:  /* Fields filled by dfaexec.  */
        -:  511:  state_num tralloc;            /* Number of transition tables that have
        -:  512:                                   slots so far, not counting trans[-1] and
        -:  513:                                   trans[-2].  */
        -:  514:  int trcount;                  /* Number of transition tables that have
        -:  515:                                   been built, other than for initial
        -:  516:                                   states.  */
        -:  517:  int min_trcount;              /* Number of initial states.  Equivalently,
        -:  518:                                   the minimum state number for which trcount
        -:  519:                                   counts transitions.  */
        -:  520:  state_num **trans;            /* Transition tables for states that can
        -:  521:                                   never accept.  If the transitions for a
        -:  522:                                   state have not yet been computed, or the
        -:  523:                                   state could possibly accept, its entry in
        -:  524:                                   this table is NULL.  This points to two
        -:  525:                                   past the start of the allocated array,
        -:  526:                                   and trans[-1] and trans[-2] are always
        -:  527:                                   NULL.  */
        -:  528:  state_num **fails;            /* Transition tables after failing to accept
        -:  529:                                   on a state that potentially could do so.
        -:  530:                                   If trans[i] is non-null, fails[i] must
        -:  531:                                   be null.  */
        -:  532:  char *success;                /* Table of acceptance conditions used in
        -:  533:                                   dfaexec and computed in build_state.  */
        -:  534:  state_num *newlines;          /* Transitions on newlines.  The entry for a
        -:  535:                                   newline in any transition table is always
        -:  536:                                   -1 so we can count lines without wasting
        -:  537:                                   too many cycles.  The transition for a
        -:  538:                                   newline is stored separately and handled
        -:  539:                                   as a special case.  Newline is also used
        -:  540:                                   as a sentinel at the end of the buffer.  */
        -:  541:  state_num initstate_notbol;   /* Initial state for CTX_LETTER and CTX_NONE
        -:  542:                                   context in multibyte locales, in which we
        -:  543:                                   do not distinguish between their contexts,
        -:  544:                                   as not supported word.  */
        -:  545:  position_set mb_follows;      /* Follow set added by ANYCHAR on demand.  */
        -:  546:  state_num **mb_trans;         /* Transition tables for states with
        -:  547:                                   ANYCHAR.  */
        -:  548:  state_num mb_trcount;         /* Number of transition tables for states with
        -:  549:                                   ANYCHAR that have actually been built.  */
        -:  550:
        -:  551:  /* Syntax configuration.  This is near the end so that dfacopysyntax
        -:  552:     can memset up to here.  */
        -:  553:  struct regex_syntax syntax;
        -:  554:
        -:  555:  /* Information derived from the locale.  This is at the end so that
        -:  556:     a quick memset need not clear it specially.  */
        -:  557:
        -:  558:  /* dfaexec implementation.  */
        -:  559:  char *(*dfaexec) (struct dfa *, char const *, char *,
        -:  560:                    bool, ptrdiff_t *, bool *);
        -:  561:
        -:  562:  /* Other cached information derived from the locale.  */
        -:  563:  struct localeinfo localeinfo;
        -:  564:};
        -:  565:
        -:  566:/* User access to dfa internals.  */
        -:  567:
        -:  568:/* S could possibly be an accepting state of R.  */
        -:  569:static bool
function accepting called 0 returned 0% blocks executed 0%
    #####:  570:accepting (state_num s, struct dfa const *r)
        -:  571:{
    #####:  572:  return r->states[s].constraint != 0;
        -:  573:}
        -:  574:
        -:  575:/* STATE accepts in the specified context.  */
        -:  576:static bool
function accepts_in_context called 0 returned 0% blocks executed 0%
    #####:  577:accepts_in_context (int prev, int curr, state_num state, struct dfa const *dfa)
        -:  578:{
    #####:  579:  return succeeds_in_context (dfa->states[state].constraint, prev, curr);
call    0 never executed
        -:  580:}
        -:  581:
        -:  582:static void regexp (struct dfa *dfa);
        -:  583:
        -:  584:/* Store into *PWC the result of converting the leading bytes of the
        -:  585:   multibyte buffer S of length N bytes, using D->localeinfo.sbctowc
        -:  586:   and updating the conversion state in *D.  On conversion error,
        -:  587:   convert just a single byte, to WEOF.  Return the number of bytes
        -:  588:   converted.
        -:  589:
        -:  590:   This differs from mbrtowc (PWC, S, N, &D->mbs) as follows:
        -:  591:
        -:  592:   * PWC points to wint_t, not to wchar_t.
        -:  593:   * The last arg is a dfa *D instead of merely a multibyte conversion
        -:  594:     state D->mbs.
        -:  595:   * N must be at least 1.
        -:  596:   * S[N - 1] must be a sentinel byte.
        -:  597:   * Shift encodings are not supported.
        -:  598:   * The return value is always in the range 1..N.
        -:  599:   * D->mbs is always valid afterwards.
        -:  600:   * *PWC is always set to something.  */
        -:  601:static int
function mbs_to_wchar called 0 returned 0% blocks executed 0%
    #####:  602:mbs_to_wchar (wint_t *pwc, char const *s, size_t n, struct dfa *d)
        -:  603:{
    #####:  604:  unsigned char uc = s[0];
    #####:  605:  wint_t wc = d->localeinfo.sbctowc[uc];
        -:  606:
    #####:  607:  if (wc == WEOF)
branch  0 never executed
branch  1 never executed
        -:  608:    {
        -:  609:      wchar_t wch;
    #####:  610:      size_t nbytes = mbrtowc (&wch, s, n, &d->mbs);
call    0 never executed
    #####:  611:      if (0 < nbytes && nbytes < (size_t) -2)
branch  0 never executed
branch  1 never executed
branch  2 never executed
branch  3 never executed
        -:  612:        {
    #####:  613:          *pwc = wch;
    #####:  614:          return nbytes;
        -:  615:        }
    #####:  616:      memset (&d->mbs, 0, sizeof d->mbs);
        -:  617:    }
        -:  618:
    #####:  619:  *pwc = wc;
    #####:  620:  return 1;
        -:  621:}
        -:  622:
        -:  623:#ifdef DEBUG
        -:  624:
        -:  625:static void
        -:  626:prtok (token t)
        -:  627:{
        -:  628:  if (t <= END)
        -:  629:    fprintf (stderr, "END");
        -:  630:  else if (0 <= t && t < NOTCHAR)
        -:  631:    {
        -:  632:      unsigned int ch = t;
        -:  633:      fprintf (stderr, "0x%02x", ch);
        -:  634:    }
        -:  635:  else
        -:  636:    {
        -:  637:      char const *s;
        -:  638:      switch (t)
        -:  639:        {
        -:  640:        case BEG:
        -:  641:          s = "BEG";
        -:  642:          break;
        -:  643:        case EMPTY:
        -:  644:          s = "EMPTY";
        -:  645:          break;
        -:  646:        case BACKREF:
        -:  647:          s = "BACKREF";
        -:  648:          break;
        -:  649:        case BEGLINE:
        -:  650:          s = "BEGLINE";
        -:  651:          break;
        -:  652:        case ENDLINE:
        -:  653:          s = "ENDLINE";
        -:  654:          break;
        -:  655:        case BEGWORD:
        -:  656:          s = "BEGWORD";
        -:  657:          break;
        -:  658:        case ENDWORD:
        -:  659:          s = "ENDWORD";
        -:  660:          break;
        -:  661:        case LIMWORD:
        -:  662:          s = "LIMWORD";
        -:  663:          break;
        -:  664:        case NOTLIMWORD:
        -:  665:          s = "NOTLIMWORD";
        -:  666:          break;
        -:  667:        case QMARK:
        -:  668:          s = "QMARK";
        -:  669:          break;
        -:  670:        case STAR:
        -:  671:          s = "STAR";
        -:  672:          break;
        -:  673:        case PLUS:
        -:  674:          s = "PLUS";
        -:  675:          break;
        -:  676:        case CAT:
        -:  677:          s = "CAT";
        -:  678:          break;
        -:  679:        case OR:
        -:  680:          s = "OR";
        -:  681:          break;
        -:  682:        case LPAREN:
        -:  683:          s = "LPAREN";
        -:  684:          break;
        -:  685:        case RPAREN:
        -:  686:          s = "RPAREN";
        -:  687:          break;
        -:  688:        case ANYCHAR:
        -:  689:          s = "ANYCHAR";
        -:  690:          break;
        -:  691:        case MBCSET:
        -:  692:          s = "MBCSET";
        -:  693:          break;
        -:  694:        default:
        -:  695:          s = "CSET";
        -:  696:          break;
        -:  697:        }
        -:  698:      fprintf (stderr, "%s", s);
        -:  699:    }
        -:  700:}
        -:  701:#endif /* DEBUG */
        -:  702:
        -:  703:/* Stuff pertaining to charclasses.  */
        -:  704:
        -:  705:static bool
function tstbit called 0 returned 0% blocks executed 0%
    #####:  706:tstbit (unsigned int b, charclass const *c)
        -:  707:{
    #####:  708:  return c->w[b / CHARCLASS_WORD_BITS] >> b % CHARCLASS_WORD_BITS & 1;
        -:  709:}
        -:  710:
        -:  711:static void
function setbit called 0 returned 0% blocks executed 0%
    #####:  712:setbit (unsigned int b, charclass *c)
        -:  713:{
    #####:  714:  charclass_word one = 1;
    #####:  715:  c->w[b / CHARCLASS_WORD_BITS] |= one << b % CHARCLASS_WORD_BITS;
    #####:  716:}
        -:  717:
        -:  718:static void
function clrbit called 0 returned 0% blocks executed 0%
    #####:  719:clrbit (unsigned int b, charclass *c)
        -:  720:{
    #####:  721:  charclass_word one = 1;
    #####:  722:  c->w[b / CHARCLASS_WORD_BITS] &= ~(one << b % CHARCLASS_WORD_BITS);
    #####:  723:}
        -:  724:
        -:  725:static void
function zeroset called 0 returned 0% blocks executed 0%
    #####:  726:zeroset (charclass *s)
        -:  727:{
    #####:  728:  memset (s, 0, sizeof *s);
    #####:  729:}
        -:  730:
        -:  731:static void
function fillset called 0 returned 0% blocks executed 0%
    #####:  732:fillset (charclass *s)
        -:  733:{
    #####:  734:  for (int i = 0; i < CHARCLASS_WORDS; i++)
branch  0 never executed
branch  1 never executed
    #####:  735:    s->w[i] = CHARCLASS_WORD_MASK;
    #####:  736:}
        -:  737:
        -:  738:static void
function notset called 0 returned 0% blocks executed 0%
    #####:  739:notset (charclass *s)
        -:  740:{
    #####:  741:  for (int i = 0; i < CHARCLASS_WORDS; ++i)
branch  0 never executed
branch  1 never executed
    #####:  742:    s->w[i] = CHARCLASS_WORD_MASK & ~s->w[i];
    #####:  743:}
        -:  744:
        -:  745:static bool
function equal called 0 returned 0% blocks executed 0%
    #####:  746:equal (charclass const *s1, charclass const *s2)
        -:  747:{
    #####:  748:  charclass_word w = 0;
    #####:  749:  for (int i = 0; i < CHARCLASS_WORDS; i++)
branch  0 never executed
branch  1 never executed
    #####:  750:    w |= s1->w[i] ^ s2->w[i];
    #####:  751:  return w == 0;
        -:  752:}
        -:  753:
        -:  754:static bool
function emptyset called 0 returned 0% blocks executed 0%
    #####:  755:emptyset (charclass const *s)
        -:  756:{
    #####:  757:  charclass_word w = 0;
    #####:  758:  for (int i = 0; i < CHARCLASS_WORDS; i++)
branch  0 never executed
branch  1 never executed
    #####:  759:    w |= s->w[i];
    #####:  760:  return w == 0;
        -:  761:}
        -:  762:
        -:  763:/* Grow PA, which points to an array of *NITEMS items, and return the
        -:  764:   location of the reallocated array, updating *NITEMS to reflect its
        -:  765:   new size.  The new array will contain at least NITEMS_INCR_MIN more
        -:  766:   items, but will not contain more than NITEMS_MAX items total.
        -:  767:   ITEM_SIZE is the size of each item, in bytes.
        -:  768:
        -:  769:   ITEM_SIZE and NITEMS_INCR_MIN must be positive.  *NITEMS must be
        -:  770:   nonnegative.  If NITEMS_MAX is -1, it is treated as if it were
        -:  771:   infinity.
        -:  772:
        -:  773:   If PA is null, then allocate a new array instead of reallocating
        -:  774:   the old one.
        -:  775:
        -:  776:   Thus, to grow an array A without saving its old contents, do
        -:  777:   { free (A); A = xpalloc (NULL, &AITEMS, ...); }.  */
        -:  778:
        -:  779:static void *
function xpalloc called 0 returned 0% blocks executed 0%
    #####:  780:xpalloc (void *pa, idx_t *nitems, idx_t nitems_incr_min,
        -:  781:         ptrdiff_t nitems_max, idx_t item_size)
        -:  782:{
    #####:  783:  idx_t n0 = *nitems;
        -:  784:
        -:  785:  /* The approximate size to use for initial small allocation
        -:  786:     requests.  This is the largest "small" request for the GNU C
        -:  787:     library malloc.  */
        -:  788:  enum { DEFAULT_MXFAST = 64 * sizeof (size_t) / 4 };
        -:  789:
        -:  790:  /* If the array is tiny, grow it to about (but no greater than)
        -:  791:     DEFAULT_MXFAST bytes.  Otherwise, grow it by about 50%.
        -:  792:     Adjust the growth according to three constraints: NITEMS_INCR_MIN,
        -:  793:     NITEMS_MAX, and what the C language can represent safely.  */
        -:  794:
        -:  795:  idx_t n, nbytes;
    #####:  796:  if (INT_ADD_WRAPV (n0, n0 >> 1, &n))
branch  0 never executed
branch  1 never executed
    #####:  797:    n = IDX_MAX;
    #####:  798:  if (0 <= nitems_max && nitems_max < n)
branch  0 never executed
branch  1 never executed
branch  2 never executed
branch  3 never executed
    #####:  799:    n = nitems_max;
        -:  800:
    #####:  801:  idx_t adjusted_nbytes
    #####:  802:    = ((INT_MULTIPLY_WRAPV (n, item_size, &nbytes) || SIZE_MAX < nbytes)
        -:  803:       ? MIN (IDX_MAX, SIZE_MAX)
    #####:  804:       : nbytes < DEFAULT_MXFAST ? DEFAULT_MXFAST : 0);
branch  0 never executed
branch  1 never executed
branch  2 never executed
branch  3 never executed
    #####:  805:  if (adjusted_nbytes)
branch  0 never executed
branch  1 never executed
        -:  806:    {
    #####:  807:      n = adjusted_nbytes / item_size;
    #####:  808:      nbytes = adjusted_nbytes - adjusted_nbytes % item_size;
        -:  809:    }
        -:  810:
    #####:  811:  if (! pa)
branch  0 never executed
branch  1 never executed
    #####:  812:    *nitems = 0;
    #####:  813:  if (n - n0 < nitems_incr_min
branch  0 never executed
branch  1 never executed
    #####:  814:      && (INT_ADD_WRAPV (n0, nitems_incr_min, &n)
branch  0 never executed
branch  1 never executed
    #####:  815:          || (0 <= nitems_max && nitems_max < n)
branch  0 never executed
branch  1 never executed
branch  2 never executed
branch  3 never executed
    #####:  816:          || INT_MULTIPLY_WRAPV (n, item_size, &nbytes)))
branch  0 never executed
branch  1 never executed
    #####:  817:    xalloc_die ();
call    0 never executed
    #####:  818:  pa = xrealloc (pa, nbytes);
call    0 never executed
    #####:  819:  *nitems = n;
    #####:  820:  return pa;
        -:  821:}
        -:  822:
        -:  823:/* Ensure that the array addressed by PA holds at least I + 1 items.
        -:  824:   Either return PA, or reallocate the array and return its new address.
        -:  825:   Although PA may be null, the returned value is never null.
        -:  826:
        -:  827:   The array holds *NITEMS items, where 0 <= I <= *NITEMS; *NITEMS
        -:  828:   is updated on reallocation.  If PA is null, *NITEMS must be zero.
        -:  829:   Do not allocate more than NITEMS_MAX items total; -1 means no limit.
        -:  830:   ITEM_SIZE is the size of one item; it must be positive.
        -:  831:   Avoid O(N**2) behavior on arrays growing linearly.  */
        -:  832:static void *
function maybe_realloc called 0 returned 0% blocks executed 0%
    #####:  833:maybe_realloc (void *pa, idx_t i, idx_t *nitems,
        -:  834:               ptrdiff_t nitems_max, idx_t item_size)
        -:  835:{
    #####:  836:  if (i < *nitems)
branch  0 never executed
branch  1 never executed
    #####:  837:    return pa;
    #####:  838:  return xpalloc (pa, nitems, 1, nitems_max, item_size);
call    0 never executed
        -:  839:}
        -:  840:
        -:  841:/* In DFA D, find the index of charclass S, or allocate a new one.  */
        -:  842:static idx_t
function charclass_index called 0 returned 0% blocks executed 0%
    #####:  843:charclass_index (struct dfa *d, charclass const *s)
        -:  844:{
        -:  845:  idx_t i;
        -:  846:
    #####:  847:  for (i = 0; i < d->cindex; ++i)
branch  0 never executed
branch  1 never executed
    #####:  848:    if (equal (s, &d->charclasses[i]))
call    0 never executed
branch  1 never executed
branch  2 never executed
    #####:  849:      return i;
    #####:  850:  d->charclasses = maybe_realloc (d->charclasses, d->cindex, &d->calloc,
call    0 never executed
        -:  851:                                  TOKEN_MAX - CSET, sizeof *d->charclasses);
    #####:  852:  ++d->cindex;
    #####:  853:  d->charclasses[i] = *s;
    #####:  854:  return i;
        -:  855:}
        -:  856:
        -:  857:static bool
function unibyte_word_constituent called 0 returned 0% blocks executed 0%
    #####:  858:unibyte_word_constituent (struct dfa const *dfa, unsigned char c)
        -:  859:{
    #####:  860:  return dfa->localeinfo.sbctowc[c] != WEOF && (isalnum (c) || (c) == '_');
branch  0 never executed
branch  1 never executed
branch  2 never executed
branch  3 never executed
branch  4 never executed
branch  5 never executed
        -:  861:}
        -:  862:
        -:  863:static int
function char_context called 0 returned 0% blocks executed 0%
    #####:  864:char_context (struct dfa const *dfa, unsigned char c)
        -:  865:{
    #####:  866:  if (c == dfa->syntax.eolbyte && !dfa->syntax.anchor)
branch  0 never executed
branch  1 never executed
branch  2 never executed
branch  3 never executed
    #####:  867:    return CTX_NEWLINE;
    #####:  868:  if (unibyte_word_constituent (dfa, c))
call    0 never executed
branch  1 never executed
branch  2 never executed
    #####:  869:    return CTX_LETTER;
    #####:  870:  return CTX_NONE;
        -:  871:}
        -:  872:
        -:  873:/* Set a bit in the charclass for the given wchar_t.  Do nothing if WC
        -:  874:   is represented by a multi-byte sequence.  Even for MB_CUR_MAX == 1,
        -:  875:   this may happen when folding case in weird Turkish locales where
        -:  876:   dotless i/dotted I are not included in the chosen character set.
        -:  877:   Return whether a bit was set in the charclass.  */
        -:  878:static bool
function setbit_wc called 0 returned 0% blocks executed 0%
    #####:  879:setbit_wc (wint_t wc, charclass *c)
        -:  880:{
    #####:  881:  int b = wctob (wc);
call    0 never executed
    #####:  882:  if (b < 0)
branch  0 never executed
branch  1 never executed
    #####:  883:    return false;
        -:  884:
    #####:  885:  setbit (b, c);
call    0 never executed
    #####:  886:  return true;
        -:  887:}
        -:  888:
        -:  889:/* Set a bit for B and its case variants in the charclass C.
        -:  890:   MB_CUR_MAX must be 1.  */
        -:  891:static void
function setbit_case_fold_c called 0 returned 0% blocks executed 0%
    #####:  892:setbit_case_fold_c (int b, charclass *c)
        -:  893:{
    #####:  894:  int ub = toupper (b);
    #####:  895:  for (int i = 0; i < NOTCHAR; i++)
branch  0 never executed
branch  1 never executed
    #####:  896:    if (toupper (i) == ub)
branch  0 never executed
branch  1 never executed
    #####:  897:      setbit (i, c);
call    0 never executed
    #####:  898:}
        -:  899:
        -:  900:/* Fetch the next lexical input character from the pattern.  There
        -:  901:   must at least one byte of pattern input.  Set DFA->lex.wctok to the
        -:  902:   value of the character or to WEOF depending on whether the input is
        -:  903:   a valid multibyte character (possibly of length 1).  Then return
        -:  904:   the next input byte value, except return EOF if the input is a
        -:  905:   multibyte character of length greater than 1.  */
        -:  906:static int
function fetch_wc called 0 returned 0% blocks executed 0%
    #####:  907:fetch_wc (struct dfa *dfa)
        -:  908:{
    #####:  909:  int nbytes = mbs_to_wchar (&dfa->lex.wctok, dfa->lex.ptr, dfa->lex.left,
call    0 never executed
        -:  910:                             dfa);
    #####:  911:  int c = nbytes == 1 ? to_uchar (dfa->lex.ptr[0]) : EOF;
branch  0 never executed
branch  1 never executed
call    2 never executed
    #####:  912:  dfa->lex.ptr += nbytes;
    #####:  913:  dfa->lex.left -= nbytes;
    #####:  914:  return c;
        -:  915:}
        -:  916:
        -:  917:/* If there is no more input, report an error about unbalanced brackets.
        -:  918:   Otherwise, behave as with fetch_wc (DFA).  */
        -:  919:static int
function bracket_fetch_wc called 0 returned 0% blocks executed 0%
    #####:  920:bracket_fetch_wc (struct dfa *dfa)
        -:  921:{
    #####:  922:  if (! dfa->lex.left)
branch  0 never executed
branch  1 never executed
    #####:  923:    dfaerror (_("unbalanced ["));
call    0 never executed
    #####:  924:  return fetch_wc (dfa);
call    0 never executed
        -:  925:}
        -:  926:
        -:  927:typedef int predicate (int);
        -:  928:
        -:  929:/* The following list maps the names of the Posix named character classes
        -:  930:   to predicate functions that determine whether a given character is in
        -:  931:   the class.  The leading [ has already been eaten by the lexical
        -:  932:   analyzer.  */
        -:  933:struct dfa_ctype
        -:  934:{
        -:  935:  const char *name;
        -:  936:  predicate *func;
        -:  937:  bool single_byte_only;
        -:  938:};
        -:  939:
        -:  940:static const struct dfa_ctype prednames[] = {
        -:  941:  {"alpha", isalpha, false},
        -:  942:  {"upper", isupper, false},
        -:  943:  {"lower", islower, false},
        -:  944:  {"digit", isdigit, true},
        -:  945:  {"xdigit", isxdigit, false},
        -:  946:  {"space", isspace, false},
        -:  947:  {"punct", ispunct, false},
        -:  948:  {"alnum", isalnum, false},
        -:  949:  {"print", isprint, false},
        -:  950:  {"graph", isgraph, false},
        -:  951:  {"cntrl", iscntrl, false},
        -:  952:  {"blank", isblank, false},
        -:  953:  {NULL, NULL, false}
        -:  954:};
        -:  955:
        -:  956:static const struct dfa_ctype *_GL_ATTRIBUTE_PURE
function find_pred called 0 returned 0% blocks executed 0%
    #####:  957:find_pred (const char *str)
        -:  958:{
    #####:  959:  for (int i = 0; prednames[i].name; i++)
branch  0 never executed
branch  1 never executed
    #####:  960:    if (streq (str, prednames[i].name))
call    0 never executed
branch  1 never executed
branch  2 never executed
    #####:  961:      return &prednames[i];
    #####:  962:  return NULL;
        -:  963:}
        -:  964:
        -:  965:/* Parse a bracket expression, which possibly includes multibyte
        -:  966:   characters.  */
        -:  967:static token
function parse_bracket_exp called 0 returned 0% blocks executed 0%
    #####:  968:parse_bracket_exp (struct dfa *dfa)
        -:  969:{
        -:  970:  /* This is a bracket expression that dfaexec is known to
        -:  971:     process correctly.  */
    #####:  972:  bool known_bracket_exp = true;
        -:  973:
        -:  974:  /* Used to warn about [:space:].
        -:  975:     Bit 0 = first character is a colon.
        -:  976:     Bit 1 = last character is a colon.
        -:  977:     Bit 2 = includes any other character but a colon.
        -:  978:     Bit 3 = includes ranges, char/equiv classes or collation elements.  */
        -:  979:  int colon_warning_state;
        -:  980:
    #####:  981:  dfa->lex.brack.nchars = 0;
        -:  982:  charclass ccl;
    #####:  983:  zeroset (&ccl);
call    0 never executed
    #####:  984:  int c = bracket_fetch_wc (dfa);
call    0 never executed
    #####:  985:  bool invert = c == '^';
    #####:  986:  if (invert)
branch  0 never executed
branch  1 never executed
        -:  987:    {
    #####:  988:      c = bracket_fetch_wc (dfa);
call    0 never executed
    #####:  989:      known_bracket_exp = dfa->localeinfo.simple;
        -:  990:    }
    #####:  991:  wint_t wc = dfa->lex.wctok;
        -:  992:  int c1;
        -:  993:  wint_t wc1;
    #####:  994:  colon_warning_state = (c == ':');
        -:  995:  do
        -:  996:    {
    #####:  997:      c1 = NOTCHAR;	/* Mark c1 as not initialized.  */
    #####:  998:      colon_warning_state &= ~2;
        -:  999:
        -: 1000:      /* Note that if we're looking at some other [:...:] construct,
        -: 1001:         we just treat it as a bunch of ordinary characters.  We can do
        -: 1002:         this because we assume regex has checked for syntax errors before
        -: 1003:         dfa is ever called.  */
    #####: 1004:      if (c == '[')
branch  0 never executed
branch  1 never executed
        -: 1005:        {
    #####: 1006:          c1 = bracket_fetch_wc (dfa);
call    0 never executed
    #####: 1007:          wc1 = dfa->lex.wctok;
        -: 1008:
    #####: 1009:          if ((c1 == ':' && (dfa->syntax.syntax_bits & RE_CHAR_CLASSES))
branch  0 never executed
branch  1 never executed
branch  2 never executed
branch  3 never executed
    #####: 1010:              || c1 == '.' || c1 == '=')
branch  0 never executed
branch  1 never executed
branch  2 never executed
branch  3 never executed
        -: 1011:            {
        -: 1012:              enum { MAX_BRACKET_STRING_LEN = 32 };
        -: 1013:              char str[MAX_BRACKET_STRING_LEN + 1];
    #####: 1014:              int len = 0;
        -: 1015:              for (;;)
        -: 1016:                {
    #####: 1017:                  c = bracket_fetch_wc (dfa);
call    0 never executed
    #####: 1018:                  if (dfa->lex.left == 0
branch  0 never executed
branch  1 never executed
    #####: 1019:                      || (c == c1 && dfa->lex.ptr[0] == ']'))
branch  0 never executed
branch  1 never executed
branch  2 never executed
branch  3 never executed
        -: 1020:                    break;
    #####: 1021:                  if (len < MAX_BRACKET_STRING_LEN)
branch  0 never executed
branch  1 never executed
    #####: 1022:                    str[len++] = c;
        -: 1023:                  else
        -: 1024:                    /* This is in any case an invalid class name.  */
    #####: 1025:                    str[0] = '\0';
        -: 1026:                }
    #####: 1027:              str[len] = '\0';
        -: 1028:
        -: 1029:              /* Fetch bracket.  */
    #####: 1030:              c = bracket_fetch_wc (dfa);
call    0 never executed
    #####: 1031:              wc = dfa->lex.wctok;
    #####: 1032:              if (c1 == ':')
branch  0 never executed
branch  1 never executed
        -: 1033:                /* Build character class.  POSIX allows character
        -: 1034:                   classes to match multicharacter collating elements,
        -: 1035:                   but the regex code does not support that, so do not
        -: 1036:                   worry about that possibility.  */
        -: 1037:                {
    #####: 1038:                  char const *class
    #####: 1039:                    = (dfa->syntax.case_fold && (streq (str, "upper")
call    0 never executed
branch  1 never executed
branch  2 never executed
    #####: 1040:                                                 || streq (str, "lower"))
call    0 never executed
branch  1 never executed
branch  2 never executed
    #####: 1041:                       ? "alpha" : str);
branch  0 never executed
branch  1 never executed
    #####: 1042:                  const struct dfa_ctype *pred = find_pred (class);
    #####: 1043:                  if (!pred)
branch  0 never executed
branch  1 never executed
    #####: 1044:                    dfaerror (_("invalid character class"));
call    0 never executed
        -: 1045:
    #####: 1046:                  if (dfa->localeinfo.multibyte && !pred->single_byte_only)
branch  0 never executed
branch  1 never executed
branch  2 never executed
branch  3 never executed
    #####: 1047:                    known_bracket_exp = false;
        -: 1048:                  else
    #####: 1049:                    for (int c2 = 0; c2 < NOTCHAR; ++c2)
branch  0 never executed
branch  1 never executed
    #####: 1050:                      if (pred->func (c2))
call    0 never executed
branch  1 never executed
branch  2 never executed
    #####: 1051:                        setbit (c2, &ccl);
call    0 never executed
        -: 1052:                }
        -: 1053:              else
    #####: 1054:                known_bracket_exp = false;
        -: 1055:
    #####: 1056:              colon_warning_state |= 8;
        -: 1057:
        -: 1058:              /* Fetch new lookahead character.  */
    #####: 1059:              c1 = bracket_fetch_wc (dfa);
call    0 never executed
    #####: 1060:              wc1 = dfa->lex.wctok;
    #####: 1061:              continue;
        -: 1062:            }
        -: 1063:
        -: 1064:          /* We treat '[' as a normal character here.  c/c1/wc/wc1
        -: 1065:             are already set up.  */
        -: 1066:        }
        -: 1067:
    #####: 1068:      if (c == '\\'
branch  0 never executed
branch  1 never executed
    #####: 1069:          && (dfa->syntax.syntax_bits & RE_BACKSLASH_ESCAPE_IN_LISTS))
branch  0 never executed
branch  1 never executed
        -: 1070:        {
    #####: 1071:          c = bracket_fetch_wc (dfa);
call    0 never executed
    #####: 1072:          wc = dfa->lex.wctok;
        -: 1073:        }
        -: 1074:
    #####: 1075:      if (c1 == NOTCHAR)
branch  0 never executed
branch  1 never executed
        -: 1076:        {
    #####: 1077:          c1 = bracket_fetch_wc (dfa);
call    0 never executed
    #####: 1078:          wc1 = dfa->lex.wctok;
        -: 1079:        }
        -: 1080:
    #####: 1081:      if (c1 == '-')
branch  0 never executed
branch  1 never executed
        -: 1082:        /* build range characters.  */
        -: 1083:        {
    #####: 1084:          int c2 = bracket_fetch_wc (dfa);
call    0 never executed
    #####: 1085:          wint_t wc2 = dfa->lex.wctok;
        -: 1086:
        -: 1087:          /* A bracket expression like [a-[.aa.]] matches an unknown set.
        -: 1088:             Treat it like [-a[.aa.]] while parsing it, and
        -: 1089:             remember that the set is unknown.  */
    #####: 1090:          if (c2 == '[' && dfa->lex.ptr[0] == '.')
branch  0 never executed
branch  1 never executed
branch  2 never executed
branch  3 never executed
        -: 1091:            {
    #####: 1092:              known_bracket_exp = false;
    #####: 1093:              c2 = ']';
        -: 1094:            }
        -: 1095:
    #####: 1096:          if (c2 == ']')
branch  0 never executed
branch  1 never executed
        -: 1097:            {
        -: 1098:              /* In the case [x-], the - is an ordinary hyphen,
        -: 1099:                 which is left in c1, the lookahead character.  */
    #####: 1100:              dfa->lex.ptr--;
    #####: 1101:              dfa->lex.left++;
        -: 1102:            }
        -: 1103:          else
        -: 1104:            {
    #####: 1105:              if (c2 == '\\' && (dfa->syntax.syntax_bits
branch  0 never executed
branch  1 never executed
branch  2 never executed
branch  3 never executed
    #####: 1106:                                 & RE_BACKSLASH_ESCAPE_IN_LISTS))
        -: 1107:                {
    #####: 1108:                  c2 = bracket_fetch_wc (dfa);
call    0 never executed
    #####: 1109:                  wc2 = dfa->lex.wctok;
        -: 1110:                }
        -: 1111:
    #####: 1112:              colon_warning_state |= 8;
    #####: 1113:              c1 = bracket_fetch_wc (dfa);
call    0 never executed
    #####: 1114:              wc1 = dfa->lex.wctok;
        -: 1115:
        -: 1116:              /* Treat [x-y] as a range if x != y.  */
    #####: 1117:              if (wc != wc2 || wc == WEOF)
branch  0 never executed
branch  1 never executed
branch  2 never executed
branch  3 never executed
        -: 1118:                {
    #####: 1119:                  if (dfa->localeinfo.simple
branch  0 never executed
branch  1 never executed
    #####: 1120:                      || (isasciidigit (c) & isasciidigit (c2)))
call    0 never executed
call    1 never executed
branch  2 never executed
branch  3 never executed
        -: 1121:                    {
    #####: 1122:                      for (int ci = c; ci <= c2; ci++)
branch  0 never executed
branch  1 never executed
    #####: 1123:                        if (dfa->syntax.case_fold && isalpha (ci))
branch  0 never executed
branch  1 never executed
branch  2 never executed
branch  3 never executed
    #####: 1124:                          setbit_case_fold_c (ci, &ccl);
call    0 never executed
        -: 1125:                        else
    #####: 1126:                          setbit (ci, &ccl);
call    0 never executed
        -: 1127:                    }
        -: 1128:                  else
    #####: 1129:                    known_bracket_exp = false;
        -: 1130:
    #####: 1131:                  continue;
        -: 1132:                }
        -: 1133:            }
        -: 1134:        }
        -: 1135:
    #####: 1136:      colon_warning_state |= (c == ':') ? 2 : 4;
branch  0 never executed
branch  1 never executed
        -: 1137:
    #####: 1138:      if (!dfa->localeinfo.multibyte)
branch  0 never executed
branch  1 never executed
        -: 1139:        {
    #####: 1140:          if (dfa->syntax.case_fold && isalpha (c))
branch  0 never executed
branch  1 never executed
branch  2 never executed
branch  3 never executed
    #####: 1141:            setbit_case_fold_c (c, &ccl);
call    0 never executed
        -: 1142:          else
    #####: 1143:            setbit (c, &ccl);
call    0 never executed
    #####: 1144:          continue;
        -: 1145:        }
        -: 1146:
    #####: 1147:      if (wc == WEOF)
branch  0 never executed
branch  1 never executed
    #####: 1148:        known_bracket_exp = false;
        -: 1149:      else
        -: 1150:        {
        -: 1151:          wchar_t folded[CASE_FOLDED_BUFSIZE + 1];
    #####: 1152:          int n = (dfa->syntax.case_fold
    #####: 1153:                   ? case_folded_counterparts (wc, folded + 1) + 1
call    0 never executed
    #####: 1154:                   : 1);
branch  0 never executed
branch  1 never executed
    #####: 1155:          folded[0] = wc;
    #####: 1156:          for (int i = 0; i < n; i++)
branch  0 never executed
branch  1 never executed
    #####: 1157:            if (!setbit_wc (folded[i], &ccl))
call    0 never executed
branch  1 never executed
branch  2 never executed
        -: 1158:              {
        -: 1159:                dfa->lex.brack.chars
    #####: 1160:                  = maybe_realloc (dfa->lex.brack.chars, dfa->lex.brack.nchars,
call    0 never executed
        -: 1161:                                   &dfa->lex.brack.nchars_alloc, -1,
        -: 1162:                                   sizeof *dfa->lex.brack.chars);
    #####: 1163:                dfa->lex.brack.chars[dfa->lex.brack.nchars++] = folded[i];
        -: 1164:              }
        -: 1165:        }
        -: 1166:    }
    #####: 1167:  while ((wc = wc1, (c = c1) != ']'));
branch  0 never executed
branch  1 never executed
        -: 1168:
    #####: 1169:  if (colon_warning_state == 7)
branch  0 never executed
branch  1 never executed
    #####: 1170:    dfawarn (_("character class syntax is [[:space:]], not [:space:]"));
call    0 never executed
        -: 1171:
    #####: 1172:  if (! known_bracket_exp)
branch  0 never executed
branch  1 never executed
    #####: 1173:    return BACKREF;
        -: 1174:
    #####: 1175:  if (dfa->localeinfo.multibyte && (invert || dfa->lex.brack.nchars != 0))
branch  0 never executed
branch  1 never executed
branch  2 never executed
branch  3 never executed
branch  4 never executed
branch  5 never executed
        -: 1176:    {
    #####: 1177:      dfa->lex.brack.invert = invert;
    #####: 1178:      dfa->lex.brack.cset = emptyset (&ccl) ? -1 : charclass_index (dfa, &ccl);
call    0 never executed
branch  1 never executed
branch  2 never executed
call    3 never executed
    #####: 1179:      return MBCSET;
        -: 1180:    }
        -: 1181:
    #####: 1182:  if (invert)
branch  0 never executed
branch  1 never executed
        -: 1183:    {
    #####: 1184:      notset (&ccl);
call    0 never executed
    #####: 1185:      if (dfa->syntax.syntax_bits & RE_HAT_LISTS_NOT_NEWLINE)
branch  0 never executed
branch  1 never executed
    #####: 1186:        clrbit ('\n', &ccl);
call    0 never executed
        -: 1187:    }
        -: 1188:
    #####: 1189:  return CSET + charclass_index (dfa, &ccl);
call    0 never executed
        -: 1190:}
        -: 1191:
        -: 1192:struct lexptr
        -: 1193:{
        -: 1194:  char const *ptr;
        -: 1195:  idx_t left;
        -: 1196:};
        -: 1197:
        -: 1198:static void
function push_lex_state called 0 returned 0% blocks executed 0%
    #####: 1199:push_lex_state (struct dfa *dfa, struct lexptr *ls, char const *s)
        -: 1200:{
    #####: 1201:  ls->ptr = dfa->lex.ptr;
    #####: 1202:  ls->left = dfa->lex.left;
    #####: 1203:  dfa->lex.ptr = s;
    #####: 1204:  dfa->lex.left = strlen (s);
    #####: 1205:}
        -: 1206:
        -: 1207:static void
function pop_lex_state called 0 returned 0% blocks executed 0%
    #####: 1208:pop_lex_state (struct dfa *dfa, struct lexptr const *ls)
        -: 1209:{
    #####: 1210:  dfa->lex.ptr = ls->ptr;
    #####: 1211:  dfa->lex.left = ls->left;
    #####: 1212:}
        -: 1213:
        -: 1214:static token
function lex called 0 returned 0% blocks executed 0%
    #####: 1215:lex (struct dfa *dfa)
        -: 1216:{
    #####: 1217:  bool backslash = false;
        -: 1218:
        -: 1219:  /* Basic plan: We fetch a character.  If it's a backslash,
        -: 1220:     we set the backslash flag and go through the loop again.
        -: 1221:     On the plus side, this avoids having a duplicate of the
        -: 1222:     main switch inside the backslash case.  On the minus side,
        -: 1223:     it means that just about every case begins with
        -: 1224:     "if (backslash) ...".  */
    #####: 1225:  for (int i = 0; i < 2; ++i)
branch  0 never executed
branch  1 never executed
        -: 1226:    {
    #####: 1227:      if (! dfa->lex.left)
branch  0 never executed
branch  1 never executed
    #####: 1228:        return dfa->lex.lasttok = END;
    #####: 1229:      int c = fetch_wc (dfa);
call    0 never executed
        -: 1230:
    #####: 1231:      switch (c)
branch  0 never executed
branch  1 never executed
branch  2 never executed
branch  3 never executed
branch  4 never executed
branch  5 never executed
branch  6 never executed
branch  7 never executed
branch  8 never executed
branch  9 never executed
branch 10 never executed
branch 11 never executed
branch 12 never executed
branch 13 never executed
branch 14 never executed
branch 15 never executed
branch 16 never executed
branch 17 never executed
branch 18 never executed
branch 19 never executed
branch 20 never executed
branch 21 never executed
branch 22 never executed
        -: 1232:        {
    #####: 1233:        case '\\':
    #####: 1234:          if (backslash)
branch  0 never executed
branch  1 never executed
    #####: 1235:            goto normal_char;
    #####: 1236:          if (dfa->lex.left == 0)
branch  0 never executed
branch  1 never executed
    #####: 1237:            dfaerror (_("unfinished \\ escape"));
call    0 never executed
    #####: 1238:          backslash = true;
    #####: 1239:          break;
        -: 1240:
    #####: 1241:        case '^':
    #####: 1242:          if (backslash)
branch  0 never executed
branch  1 never executed
    #####: 1243:            goto normal_char;
    #####: 1244:          if (dfa->syntax.syntax_bits & RE_CONTEXT_INDEP_ANCHORS
branch  0 never executed
branch  1 never executed
    #####: 1245:              || dfa->lex.lasttok == END || dfa->lex.lasttok == LPAREN
branch  0 never executed
branch  1 never executed
branch  2 never executed
branch  3 never executed
    #####: 1246:              || dfa->lex.lasttok == OR)
branch  0 never executed
branch  1 never executed
    #####: 1247:            return dfa->lex.lasttok = BEGLINE;
    #####: 1248:          goto normal_char;
        -: 1249:
    #####: 1250:        case '$':
    #####: 1251:          if (backslash)
branch  0 never executed
branch  1 never executed
    #####: 1252:            goto normal_char;
    #####: 1253:          if (dfa->syntax.syntax_bits & RE_CONTEXT_INDEP_ANCHORS
branch  0 never executed
branch  1 never executed
    #####: 1254:              || dfa->lex.left == 0
branch  0 never executed
branch  1 never executed
    #####: 1255:              || ((dfa->lex.left
branch  0 never executed
branch  1 never executed
    #####: 1256:                   > !(dfa->syntax.syntax_bits & RE_NO_BK_PARENS))
    #####: 1257:                  && (dfa->lex.ptr[!(dfa->syntax.syntax_bits & RE_NO_BK_PARENS)
branch  0 never executed
branch  1 never executed
    #####: 1258:                                   & (dfa->lex.ptr[0] == '\\')]
        -: 1259:                      == ')'))
    #####: 1260:              || ((dfa->lex.left
branch  0 never executed
branch  1 never executed
    #####: 1261:                   > !(dfa->syntax.syntax_bits & RE_NO_BK_VBAR))
    #####: 1262:                  && (dfa->lex.ptr[!(dfa->syntax.syntax_bits & RE_NO_BK_VBAR)
branch  0 never executed
branch  1 never executed
    #####: 1263:                                   & (dfa->lex.ptr[0] == '\\')]
        -: 1264:                      == '|'))
    #####: 1265:              || ((dfa->syntax.syntax_bits & RE_NEWLINE_ALT)
branch  0 never executed
branch  1 never executed
    #####: 1266:                  && dfa->lex.left > 0 && dfa->lex.ptr[0] == '\n'))
branch  0 never executed
branch  1 never executed
branch  2 never executed
branch  3 never executed
    #####: 1267:            return dfa->lex.lasttok = ENDLINE;
    #####: 1268:          goto normal_char;
        -: 1269:
    #####: 1270:        case '1':
        -: 1271:        case '2':
        -: 1272:        case '3':
        -: 1273:        case '4':
        -: 1274:        case '5':
        -: 1275:        case '6':
        -: 1276:        case '7':
        -: 1277:        case '8':
        -: 1278:        case '9':
    #####: 1279:          if (backslash && !(dfa->syntax.syntax_bits & RE_NO_BK_REFS))
branch  0 never executed
branch  1 never executed
branch  2 never executed
branch  3 never executed
        -: 1280:            {
    #####: 1281:              dfa->lex.laststart = false;
    #####: 1282:              return dfa->lex.lasttok = BACKREF;
        -: 1283:            }
    #####: 1284:          goto normal_char;
        -: 1285:
    #####: 1286:        case '`':
    #####: 1287:          if (backslash && !(dfa->syntax.syntax_bits & RE_NO_GNU_OPS))
branch  0 never executed
branch  1 never executed
branch  2 never executed
branch  3 never executed
        -: 1288:            {
        -: 1289:              /* FIXME: should be beginning of string */
    #####: 1290:              return dfa->lex.lasttok = BEGLINE;
        -: 1291:            }
    #####: 1292:          goto normal_char;
        -: 1293:
    #####: 1294:        case '\'':
    #####: 1295:          if (backslash && !(dfa->syntax.syntax_bits & RE_NO_GNU_OPS))
branch  0 never executed
branch  1 never executed
branch  2 never executed
branch  3 never executed
        -: 1296:            {
        -: 1297:              /* FIXME: should be end of string */
    #####: 1298:              return dfa->lex.lasttok = ENDLINE;
        -: 1299:            }
    #####: 1300:          goto normal_char;
        -: 1301:
    #####: 1302:        case '<':
    #####: 1303:          if (backslash && !(dfa->syntax.syntax_bits & RE_NO_GNU_OPS))
branch  0 never executed
branch  1 never executed
branch  2 never executed
branch  3 never executed
    #####: 1304:            return dfa->lex.lasttok = BEGWORD;
    #####: 1305:          goto normal_char;
        -: 1306:
    #####: 1307:        case '>':
    #####: 1308:          if (backslash && !(dfa->syntax.syntax_bits & RE_NO_GNU_OPS))
branch  0 never executed
branch  1 never executed
branch  2 never executed
branch  3 never executed
    #####: 1309:            return dfa->lex.lasttok = ENDWORD;
    #####: 1310:          goto normal_char;
        -: 1311:
    #####: 1312:        case 'b':
    #####: 1313:          if (backslash && !(dfa->syntax.syntax_bits & RE_NO_GNU_OPS))
branch  0 never executed
branch  1 never executed
branch  2 never executed
branch  3 never executed
    #####: 1314:            return dfa->lex.lasttok = LIMWORD;
    #####: 1315:          goto normal_char;
        -: 1316:
    #####: 1317:        case 'B':
    #####: 1318:          if (backslash && !(dfa->syntax.syntax_bits & RE_NO_GNU_OPS))
branch  0 never executed
branch  1 never executed
branch  2 never executed
branch  3 never executed
    #####: 1319:            return dfa->lex.lasttok = NOTLIMWORD;
    #####: 1320:          goto normal_char;
        -: 1321:
    #####: 1322:        case '?':
    #####: 1323:          if (dfa->syntax.syntax_bits & RE_LIMITED_OPS)
branch  0 never executed
branch  1 never executed
    #####: 1324:            goto normal_char;
    #####: 1325:          if (backslash != ((dfa->syntax.syntax_bits & RE_BK_PLUS_QM) != 0))
branch  0 never executed
branch  1 never executed
    #####: 1326:            goto normal_char;
    #####: 1327:          if (!(dfa->syntax.syntax_bits & RE_CONTEXT_INDEP_OPS)
branch  0 never executed
branch  1 never executed
    #####: 1328:              && dfa->lex.laststart)
branch  0 never executed
branch  1 never executed
    #####: 1329:            goto normal_char;
    #####: 1330:          return dfa->lex.lasttok = QMARK;
        -: 1331:
    #####: 1332:        case '*':
    #####: 1333:          if (backslash)
branch  0 never executed
branch  1 never executed
    #####: 1334:            goto normal_char;
    #####: 1335:          if (!(dfa->syntax.syntax_bits & RE_CONTEXT_INDEP_OPS)
branch  0 never executed
branch  1 never executed
    #####: 1336:              && dfa->lex.laststart)
branch  0 never executed
branch  1 never executed
    #####: 1337:            goto normal_char;
    #####: 1338:          return dfa->lex.lasttok = STAR;
        -: 1339:
    #####: 1340:        case '+':
    #####: 1341:          if (dfa->syntax.syntax_bits & RE_LIMITED_OPS)
branch  0 never executed
branch  1 never executed
    #####: 1342:            goto normal_char;
    #####: 1343:          if (backslash != ((dfa->syntax.syntax_bits & RE_BK_PLUS_QM) != 0))
branch  0 never executed
branch  1 never executed
    #####: 1344:            goto normal_char;
    #####: 1345:          if (!(dfa->syntax.syntax_bits & RE_CONTEXT_INDEP_OPS)
branch  0 never executed
branch  1 never executed
    #####: 1346:              && dfa->lex.laststart)
branch  0 never executed
branch  1 never executed
    #####: 1347:            goto normal_char;
    #####: 1348:          return dfa->lex.lasttok = PLUS;
        -: 1349:
    #####: 1350:        case '{':
    #####: 1351:          if (!(dfa->syntax.syntax_bits & RE_INTERVALS))
branch  0 never executed
branch  1 never executed
    #####: 1352:            goto normal_char;
    #####: 1353:          if (backslash != ((dfa->syntax.syntax_bits & RE_NO_BK_BRACES) == 0))
branch  0 never executed
branch  1 never executed
    #####: 1354:            goto normal_char;
    #####: 1355:          if (!(dfa->syntax.syntax_bits & RE_CONTEXT_INDEP_OPS)
branch  0 never executed
branch  1 never executed
    #####: 1356:              && dfa->lex.laststart)
branch  0 never executed
branch  1 never executed
    #####: 1357:            goto normal_char;
        -: 1358:
        -: 1359:          /* Cases:
        -: 1360:             {M} - exact count
        -: 1361:             {M,} - minimum count, maximum is infinity
        -: 1362:             {,N} - 0 through N
        -: 1363:             {,} - 0 to infinity (same as '*')
        -: 1364:             {M,N} - M through N */
        -: 1365:          {
    #####: 1366:            char const *p = dfa->lex.ptr;
    #####: 1367:            char const *lim = p + dfa->lex.left;
    #####: 1368:            dfa->lex.minrep = dfa->lex.maxrep = -1;
    #####: 1369:            for (; p != lim && isasciidigit (*p); p++)
branch  0 never executed
branch  1 never executed
call    2 never executed
branch  3 never executed
branch  4 never executed
    #####: 1370:              dfa->lex.minrep = (dfa->lex.minrep < 0
    #####: 1371:                                 ? *p - '0'
    #####: 1372:                                 : MIN (RE_DUP_MAX + 1,
branch  0 never executed
branch  1 never executed
        -: 1373:                                        dfa->lex.minrep * 10 + *p - '0'));
    #####: 1374:            if (p != lim)
branch  0 never executed
branch  1 never executed
        -: 1375:              {
    #####: 1376:                if (*p != ',')
branch  0 never executed
branch  1 never executed
    #####: 1377:                  dfa->lex.maxrep = dfa->lex.minrep;
        -: 1378:                else
        -: 1379:                  {
[...]
call    0 never executed
        -: 3995:
    #####: 3996:  for (idx_t lnum = 0; left[lnum] != NULL; lnum++)
branch  0 never executed
branch  1 never executed
        -: 3997:    {
    #####: 3998:      for (idx_t rnum = 0; right[rnum] != NULL; rnum++)
branch  0 never executed
branch  1 never executed
        -: 3999:        {
    #####: 4000:          char **temp = comsubs (left[lnum], right[rnum]);
call    0 never executed
    #####: 4001:          both = addlists (both, temp);
call    0 never executed
    #####: 4002:          freelist (temp);
call    0 never executed
    #####: 4003:          free (temp);
        -: 4004:        }
        -: 4005:    }
    #####: 4006:  return both;
        -: 4007:}
        -: 4008:
        -: 4009:typedef struct must must;
        -: 4010:
        -: 4011:struct must
        -: 4012:{
        -: 4013:  char **in;
        -: 4014:  char *left;
        -: 4015:  char *right;
        -: 4016:  char *is;
        -: 4017:  bool begline;
        -: 4018:  bool endline;
        -: 4019:  must *prev;
        -: 4020:};
        -: 4021:
        -: 4022:static must *
function allocmust called 0 returned 0% blocks executed 0%
    #####: 4023:allocmust (must *mp, idx_t size)
        -: 4024:{
    #####: 4025:  must *new_mp = xmalloc (sizeof *new_mp);
call    0 never executed
    #####: 4026:  new_mp->in = xzalloc (sizeof *new_mp->in);
call    0 never executed
    #####: 4027:  new_mp->left = xzalloc (size);
call    0 never executed
    #####: 4028:  new_mp->right = xzalloc (size);
call    0 never executed
    #####: 4029:  new_mp->is = xzalloc (size);
call    0 never executed
    #####: 4030:  new_mp->begline = false;
    #####: 4031:  new_mp->endline = false;
    #####: 4032:  new_mp->prev = mp;
    #####: 4033:  return new_mp;
        -: 4034:}
        -: 4035:
        -: 4036:static void
function resetmust called 0 returned 0% blocks executed 0%
    #####: 4037:resetmust (must *mp)
        -: 4038:{
    #####: 4039:  freelist (mp->in);
call    0 never executed
    #####: 4040:  mp->in[0] = NULL;
    #####: 4041:  mp->left[0] = mp->right[0] = mp->is[0] = '\0';
    #####: 4042:  mp->begline = false;
    #####: 4043:  mp->endline = false;
    #####: 4044:}
        -: 4045:
        -: 4046:static void
function freemust called 0 returned 0% blocks executed 0%
    #####: 4047:freemust (must *mp)
        -: 4048:{
    #####: 4049:  freelist (mp->in);
call    0 never executed
    #####: 4050:  free (mp->in);
    #####: 4051:  free (mp->left);
    #####: 4052:  free (mp->right);
    #####: 4053:  free (mp->is);
    #####: 4054:  free (mp);
    #####: 4055:}
        -: 4056:
        -: 4057:struct dfamust *
function dfamust called 0 returned 0% blocks executed 0%
    #####: 4058:dfamust (struct dfa const *d)
        -: 4059:{
    #####: 4060:  must *mp = NULL;
    #####: 4061:  char const *result = "";
    #####: 4062:  bool exact = false;
    #####: 4063:  bool begline = false;
    #####: 4064:  bool endline = false;
    #####: 4065:  bool need_begline = false;
    #####: 4066:  bool need_endline = false;
    #####: 4067:  bool case_fold_unibyte = d->syntax.case_fold & !d->localeinfo.multibyte;
        -: 4068:
    #####: 4069:  for (idx_t ri = 1; ri + 1 < d->tindex; ri++)
branch  0 never executed
branch  1 never executed
        -: 4070:    {
    #####: 4071:      token t = d->tokens[ri];
    #####: 4072:      switch (t)
branch  0 never executed
branch  1 never executed
branch  2 never executed
branch  3 never executed
branch  4 never executed
branch  5 never executed
branch  6 never executed
branch  7 never executed
branch  8 never executed
branch  9 never executed
branch 10 never executed
        -: 4073:        {
    #####: 4074:        case BEGLINE:
    #####: 4075:          mp = allocmust (mp, 2);
call    0 never executed
    #####: 4076:          mp->begline = true;
    #####: 4077:          need_begline = true;
    #####: 4078:          break;
    #####: 4079:        case ENDLINE:
    #####: 4080:          mp = allocmust (mp, 2);
call    0 never executed
    #####: 4081:          mp->endline = true;
    #####: 4082:          need_endline = true;
    #####: 4083:          break;
    #####: 4084:        case LPAREN:
        -: 4085:        case RPAREN:
    #####: 4086:          assert (!"neither LPAREN nor RPAREN may appear here");
call    0 never executed
        -: 4087:
        -: 4088:        case EMPTY:
        -: 4089:        case BEGWORD:
        -: 4090:        case ENDWORD:
        -: 4091:        case LIMWORD:
        -: 4092:        case NOTLIMWORD:
        -: 4093:        case BACKREF:
        -: 4094:        case ANYCHAR:
        -: 4095:        case MBCSET:
    #####: 4096:          mp = allocmust (mp, 2);
call    0 never executed
    #####: 4097:          break;
        -: 4098:
    #####: 4099:        case STAR:
        -: 4100:        case QMARK:
    #####: 4101:          resetmust (mp);
call    0 never executed
    #####: 4102:          break;
        -: 4103:
    #####: 4104:        case OR:
        -: 4105:          {
        -: 4106:            char **new;
    #####: 4107:            must *rmp = mp;
    #####: 4108:            must *lmp = mp = mp->prev;
        -: 4109:            idx_t j, ln, rn, n;
        -: 4110:
        -: 4111:            /* Guaranteed to be.  Unlikely, but ...  */
    #####: 4112:            if (streq (lmp->is, rmp->is))
call    0 never executed
branch  1 never executed
branch  2 never executed
        -: 4113:              {
    #####: 4114:                lmp->begline &= rmp->begline;
    #####: 4115:                lmp->endline &= rmp->endline;
        -: 4116:              }
        -: 4117:            else
        -: 4118:              {
    #####: 4119:                lmp->is[0] = '\0';
    #####: 4120:                lmp->begline = false;
    #####: 4121:                lmp->endline = false;
        -: 4122:              }
        -: 4123:            /* Left side--easy */
    #####: 4124:            idx_t i = 0;
    #####: 4125:            while (lmp->left[i] != '\0' && lmp->left[i] == rmp->left[i])
branch  0 never executed
branch  1 never executed
branch  2 never executed
branch  3 never executed
    #####: 4126:              ++i;
    #####: 4127:            lmp->left[i] = '\0';
        -: 4128:            /* Right side */
    #####: 4129:            ln = strlen (lmp->right);
    #####: 4130:            rn = strlen (rmp->right);
    #####: 4131:            n = ln;
    #####: 4132:            if (n > rn)
branch  0 never executed
branch  1 never executed
    #####: 4133:              n = rn;
    #####: 4134:            for (i = 0; i < n; ++i)
branch  0 never executed
branch  1 never executed
    #####: 4135:              if (lmp->right[ln - i - 1] != rmp->right[rn - i - 1])
branch  0 never executed
branch  1 never executed
    #####: 4136:                break;
    #####: 4137:            for (j = 0; j < i; ++j)
branch  0 never executed
branch  1 never executed
    #####: 4138:              lmp->right[j] = lmp->right[(ln - i) + j];
    #####: 4139:            lmp->right[j] = '\0';
    #####: 4140:            new = inboth (lmp->in, rmp->in);
call    0 never executed
    #####: 4141:            freelist (lmp->in);
call    0 never executed
    #####: 4142:            free (lmp->in);
    #####: 4143:            lmp->in = new;
    #####: 4144:            freemust (rmp);
call    0 never executed
        -: 4145:          }
    #####: 4146:          break;
        -: 4147:
    #####: 4148:        case PLUS:
    #####: 4149:          mp->is[0] = '\0';
    #####: 4150:          break;
        -: 4151:
    #####: 4152:        case END:
    #####: 4153:          assert (!mp->prev);
branch  0 never executed
branch  1 never executed
call    2 never executed
    #####: 4154:          for (idx_t i = 0; mp->in[i] != NULL; i++)
branch  0 never executed
branch  1 never executed
    #####: 4155:            if (strlen (mp->in[i]) > strlen (result))
branch  0 never executed
branch  1 never executed
    #####: 4156:              result = mp->in[i];
    #####: 4157:          if (streq (result, mp->is))
call    0 never executed
branch  1 never executed
branch  2 never executed
        -: 4158:            {
    #####: 4159:              if ((!need_begline || mp->begline) && (!need_endline
branch  0 never executed
branch  1 never executed
branch  2 never executed
branch  3 never executed
branch  4 never executed
branch  5 never executed
    #####: 4160:                                                     || mp->endline))
branch  0 never executed
branch  1 never executed
    #####: 4161:                exact = true;
    #####: 4162:              begline = mp->begline;
    #####: 4163:              endline = mp->endline;
        -: 4164:            }
    #####: 4165:          goto done;
        -: 4166:
    #####: 4167:        case CAT:
        -: 4168:          {
    #####: 4169:            must *rmp = mp;
    #####: 4170:            must *lmp = mp = mp->prev;
        -: 4171:
        -: 4172:            /* In.  Everything in left, plus everything in
        -: 4173:               right, plus concatenation of
        -: 4174:               left's right and right's left.  */
    #####: 4175:            lmp->in = addlists (lmp->in, rmp->in);
call    0 never executed
    #####: 4176:            if (lmp->right[0] != '\0' && rmp->left[0] != '\0')
branch  0 never executed
branch  1 never executed
branch  2 never executed
branch  3 never executed
        -: 4177:              {
    #####: 4178:                idx_t lrlen = strlen (lmp->right);
    #####: 4179:                idx_t rllen = strlen (rmp->left);
    #####: 4180:                char *tp = xmalloc (lrlen + rllen);
call    0 never executed
    #####: 4181:                memcpy (tp, lmp->right, lrlen);
    #####: 4182:                memcpy (tp + lrlen, rmp->left, rllen);
    #####: 4183:                lmp->in = enlist (lmp->in, tp, lrlen + rllen);
call    0 never executed
    #####: 4184:                free (tp);
        -: 4185:              }
        -: 4186:            /* Left-hand */
    #####: 4187:            if (lmp->is[0] != '\0')
branch  0 never executed
branch  1 never executed
    #####: 4188:              lmp->left = icatalloc (lmp->left, rmp->left);
call    0 never executed
        -: 4189:            /* Right-hand */
    #####: 4190:            if (rmp->is[0] == '\0')
branch  0 never executed
branch  1 never executed
    #####: 4191:              lmp->right[0] = '\0';
    #####: 4192:            lmp->right = icatalloc (lmp->right, rmp->right);
call    0 never executed
        -: 4193:            /* Guaranteed to be */
    #####: 4194:            if ((lmp->is[0] != '\0' || lmp->begline)
branch  0 never executed
branch  1 never executed
branch  2 never executed
branch  3 never executed
    #####: 4195:                && (rmp->is[0] != '\0' || rmp->endline))
branch  0 never executed
branch  1 never executed
branch  2 never executed
branch  3 never executed
        -: 4196:              {
    #####: 4197:                lmp->is = icatalloc (lmp->is, rmp->is);
call    0 never executed
    #####: 4198:                lmp->endline = rmp->endline;
        -: 4199:              }
        -: 4200:            else
        -: 4201:              {
    #####: 4202:                lmp->is[0] = '\0';
    #####: 4203:                lmp->begline = false;
    #####: 4204:                lmp->endline = false;
        -: 4205:              }
    #####: 4206:            freemust (rmp);
call    0 never executed
        -: 4207:          }
    #####: 4208:          break;
        -: 4209:
    #####: 4210:        case '\0':
        -: 4211:          /* Not on *my* shift.  */
    #####: 4212:          goto done;
        -: 4213:
    #####: 4214:        default:
    #####: 4215:          if (CSET <= t)
branch  0 never executed
branch  1 never executed
        -: 4216:            {
        -: 4217:              /* If T is a singleton, or if case-folding in a unibyte
        -: 4218:                 locale and T's members all case-fold to the same char,
        -: 4219:                 convert T to one of its members.  Otherwise, do
        -: 4220:                 nothing further with T.  */
    #####: 4221:              charclass *ccl = &d->charclasses[t - CSET];
        -: 4222:              int j;
    #####: 4223:              for (j = 0; j < NOTCHAR; j++)
branch  0 never executed
branch  1 never executed
    #####: 4224:                if (tstbit (j, ccl))
call    0 never executed
branch  1 never executed
branch  2 never executed
    #####: 4225:                  break;
    #####: 4226:              if (! (j < NOTCHAR))
branch  0 never executed
branch  1 never executed
        -: 4227:                {
    #####: 4228:                  mp = allocmust (mp, 2);
call    0 never executed
    #####: 4229:                  break;
        -: 4230:                }
    #####: 4231:              t = j;
    #####: 4232:              while (++j < NOTCHAR)
branch  0 never executed
branch  1 never executed
    #####: 4233:                if (tstbit (j, ccl)
call    0 never executed
branch  1 never executed
branch  2 never executed
    #####: 4234:                    && ! (case_fold_unibyte
branch  0 never executed
branch  1 never executed
branch  2 never executed
branch  3 never executed
    #####: 4235:                          && toupper (j) == toupper (t)))
        -: 4236:                  break;
    #####: 4237:              if (j < NOTCHAR)
branch  0 never executed
branch  1 never executed
        -: 4238:                {
    #####: 4239:                  mp = allocmust (mp, 2);
call    0 never executed
    #####: 4240:                  break;
        -: 4241:                }
        -: 4242:            }
        -: 4243:
    #####: 4244:          idx_t rj = ri + 2;
    #####: 4245:          if (d->tokens[ri + 1] == CAT)
branch  0 never executed
branch  1 never executed
        -: 4246:            {
    #####: 4247:              for (; rj < d->tindex - 1; rj += 2)
branch  0 never executed
branch  1 never executed
        -: 4248:                {
    #####: 4249:                  if ((rj != ri && (d->tokens[rj] <= 0
branch  0 never executed
branch  1 never executed
branch  2 never executed
branch  3 never executed
    #####: 4250:                                    || NOTCHAR <= d->tokens[rj]))
branch  0 never executed
branch  1 never executed
    #####: 4251:                      || d->tokens[rj + 1] != CAT)
branch  0 never executed
branch  1 never executed
        -: 4252:                    break;
        -: 4253:                }
        -: 4254:            }
    #####: 4255:          mp = allocmust (mp, ((rj - ri) >> 1) + 1);
call    0 never executed
    #####: 4256:          mp->is[0] = mp->left[0] = mp->right[0]
    #####: 4257:            = case_fold_unibyte ? toupper (t) : t;
branch  0 never executed
branch  1 never executed
        -: 4258:
        -: 4259:          idx_t i;
    #####: 4260:          for (i = 1; ri + 2 < rj; i++)
branch  0 never executed
branch  1 never executed
        -: 4261:            {
    #####: 4262:              ri += 2;
    #####: 4263:              t = d->tokens[ri];
    #####: 4264:              mp->is[i] = mp->left[i] = mp->right[i]
    #####: 4265:                = case_fold_unibyte ? toupper (t) : t;
branch  0 never executed
branch  1 never executed
        -: 4266:            }
    #####: 4267:          mp->is[i] = mp->left[i] = mp->right[i] = '\0';
    #####: 4268:          mp->in = enlist (mp->in, mp->is, i);
call    0 never executed
    #####: 4269:          break;
        -: 4270:        }
        -: 4271:    }
    #####: 4272: done:;
        -: 4273:
    #####: 4274:  struct dfamust *dm = NULL;
    #####: 4275:  if (*result)
branch  0 never executed
branch  1 never executed
        -: 4276:    {
    #####: 4277:      dm = xmalloc (FLEXSIZEOF (struct dfamust, must, strlen (result) + 1));
call    0 never executed
    #####: 4278:      dm->exact = exact;
    #####: 4279:      dm->begline = begline;
    #####: 4280:      dm->endline = endline;
    #####: 4281:      strcpy (dm->must, result);
        -: 4282:    }
        -: 4283:
    #####: 4284:  while (mp)
branch  0 never executed
branch  1 never executed
        -: 4285:    {
    #####: 4286:      must *prev = mp->prev;
    #####: 4287:      freemust (mp);
call    0 never executed
    #####: 4288:      mp = prev;
        -: 4289:    }
        -: 4290:
    #####: 4291:  return dm;
        -: 4292:}
        -: 4293:
        -: 4294:void
function dfamustfree called 0 returned 0% blocks executed 0%
    #####: 4295:dfamustfree (struct dfamust *dm)
        -: 4296:{
    #####: 4297:  free (dm);
    #####: 4298:}
        -: 4299:
        -: 4300:struct dfa *
function dfaalloc called 0 returned 0% blocks executed 0%
    #####: 4301:dfaalloc (void)
        -: 4302:{
    #####: 4303:  return xmalloc (sizeof (struct dfa));
call    0 never executed
        -: 4304:}
        -: 4305:
        -: 4306:/* Initialize DFA.  */
        -: 4307:void
function dfasyntax called 0 returned 0% blocks executed 0%
    #####: 4308:dfasyntax (struct dfa *dfa, struct localeinfo const *linfo,
        -: 4309:           reg_syntax_t bits, int dfaopts)
        -: 4310:{
    #####: 4311:  memset (dfa, 0, offsetof (struct dfa, dfaexec));
    #####: 4312:  dfa->dfaexec = linfo->multibyte ? dfaexec_mb : dfaexec_sb;
branch  0 never executed
branch  1 never executed
    #####: 4313:  dfa->localeinfo = *linfo;
        -: 4314:
    #####: 4315:  dfa->fast = !dfa->localeinfo.multibyte;
        -: 4316:
    #####: 4317:  dfa->canychar = -1;
    #####: 4318:  dfa->syntax.syntax_bits_set = true;
    #####: 4319:  dfa->syntax.case_fold = (bits & RE_ICASE) != 0;
    #####: 4320:  dfa->syntax.anchor = (dfaopts & DFA_ANCHOR) != 0;
    #####: 4321:  dfa->syntax.eolbyte = dfaopts & DFA_EOL_NUL ? '\0' : '\n';
branch  0 never executed
branch  1 never executed
    #####: 4322:  dfa->syntax.syntax_bits = bits;
        -: 4323:
    #####: 4324:  for (int i = CHAR_MIN; i <= CHAR_MAX; ++i)
branch  0 never executed
branch  1 never executed
        -: 4325:    {
    #####: 4326:      unsigned char uc = i;
        -: 4327:
    #####: 4328:      dfa->syntax.sbit[uc] = char_context (dfa, uc);
call    0 never executed
    #####: 4329:      switch (dfa->syntax.sbit[uc])
branch  0 never executed
branch  1 never executed
branch  2 never executed
        -: 4330:        {
    #####: 4331:        case CTX_LETTER:
    #####: 4332:          setbit (uc, &dfa->syntax.letters);
call    0 never executed
    #####: 4333:          break;
    #####: 4334:        case CTX_NEWLINE:
    #####: 4335:          setbit (uc, &dfa->syntax.newline);
call    0 never executed
    #####: 4336:          break;
        -: 4337:        }
        -: 4338:
        -: 4339:      /* POSIX requires that the five bytes in "\n\r./" (including the
        -: 4340:         terminating NUL) cannot occur inside a multibyte character.  */
    #####: 4341:      dfa->syntax.never_trail[uc] = (dfa->localeinfo.using_utf8
    #####: 4342:                                     ? (uc & 0xc0) != 0x80
    #####: 4343:                                     : strchr ("\n\r./", uc) != NULL);
branch  0 never executed
branch  1 never executed
        -: 4344:    }
    #####: 4345:}
        -: 4346:
        -: 4347:/* Initialize TO by copying FROM's syntax settings.  */
        -: 4348:void
function dfacopysyntax called 0 returned 0% blocks executed 0%
    #####: 4349:dfacopysyntax (struct dfa *to, struct dfa const *from)
        -: 4350:{
    #####: 4351:  memset (to, 0, offsetof (struct dfa, syntax));
    #####: 4352:  to->canychar = -1;
    #####: 4353:  to->fast = from->fast;
    #####: 4354:  to->syntax = from->syntax;
    #####: 4355:  to->dfaexec = from->dfaexec;
    #####: 4356:  to->localeinfo = from->localeinfo;
    #####: 4357:}
        -: 4358:
        -: 4359:/* vim:set shiftwidth=2: */
