        -:    0:Source:grep.c
        -:    1:/* grep.c - main driver file for grep.
        -:    2:   Copyright (C) 1992, 1997-2002, 2004-2021 Free Software Foundation, Inc.
        -:    3:
        -:    4:   This program is free software; you can redistribute it and/or modify
        -:    5:   it under the terms of the GNU General Public License as published by
        -:    6:   the Free Software Foundation; either version 3, or (at your option)
        -:    7:   any later version.
        -:    8:
        -:    9:   This program is distributed in the hope that it will be useful,
        -:   10:   but WITHOUT ANY WARRANTY; without even the implied warranty of
        -:   11:   MERCHANTABILITY or FITNESS FOR A PARTICULAR PURPOSE.  See the
        -:   12:   GNU General Public License for more details.
        -:   13:
        -:   14:   You should have received a copy of the GNU General Public License
        -:   15:   along with this program; if not, write to the Free Software
        -:   16:   Foundation, Inc., 51 Franklin Street - Fifth Floor, Boston, MA
        -:   17:   02110-1301, USA.  */
        -:   18:
        -:   19:/* Written July 1992 by Mike Haertel.  */
        -:   20:
        -:   21:#include <config.h>
        -:   22:#include <sys/types.h>
        -:   23:#include <sys/stat.h>
        -:   24:#include <wchar.h>
        -:   25:#include <inttypes.h>
        -:   26:#include <stdarg.h>
        -:   27:#include <stdint.h>
        -:   28:#include <stdio.h>
        -:   29:#include "system.h"
        -:   30:
        -:   31:#include "argmatch.h"
        -:   32:#include "c-ctype.h"
        -:   33:#include "c-stack.h"
        -:   34:#include "closeout.h"
        -:   35:#include "colorize.h"
        -:   36:#include "die.h"
        -:   37:#include "error.h"
        -:   38:#include "exclude.h"
        -:   39:#include "exitfail.h"
        -:   40:#include "fcntl-safer.h"
        -:   41:#include "fts_.h"
        -:   42:#include "getopt.h"
        -:   43:#include "getprogname.h"
        -:   44:#include "grep.h"
        -:   45:#include "hash.h"
        -:   46:#include "intprops.h"
        -:   47:#include "propername.h"
        -:   48:#include "safe-read.h"
        -:   49:#include "search.h"
        -:   50:#include "c-strcase.h"
        -:   51:#include "version-etc.h"
        -:   52:#include "xalloc.h"
        -:   53:#include "xbinary-io.h"
        -:   54:#include "xstrtol.h"
        -:   55:
        -:   56:enum { SEP_CHAR_SELECTED = ':' };
        -:   57:enum { SEP_CHAR_REJECTED = '-' };
        -:   58:static char const SEP_STR_GROUP[] = "--";
        -:   59:
        -:   60:/* When stdout is connected to a regular file, save its stat
        -:   61:   information here, so that we can automatically skip it, thus
        -:   62:   avoiding a potential (racy) infinite loop.  */
        -:   63:static struct stat out_stat;
        -:   64:
        -:   65:/* if non-zero, display usage information and exit */
        -:   66:static int show_help;
        -:   67:
        -:   68:/* Print the version on standard output and exit.  */
        -:   69:static bool show_version;
        -:   70:
        -:   71:/* Suppress diagnostics for nonexistent or unreadable files.  */
        -:   72:static bool suppress_errors;
        -:   73:
        -:   74:/* If nonzero, use color markers.  */
        -:   75:static int color_option;
        -:   76:
        -:   77:/* Show only the part of a line matching the expression. */
        -:   78:static bool only_matching;
        -:   79:
        -:   80:/* If nonzero, make sure first content char in a line is on a tab stop. */
        -:   81:static bool align_tabs;
        -:   82:
        -:   83:/* Print width of line numbers and byte offsets.  Nonzero if ALIGN_TABS.  */
        -:   84:static int offset_width;
        -:   85:
        -:   86:/* An entry in the PATLOC array saying where patterns came from.  */
        -:   87:struct patloc
        -:   88:  {
        -:   89:    /* Line number of the pattern in PATTERN_ARRAY.  Line numbers
        -:   90:       start at 0, and each pattern is terminated by '\n'.  */
        -:   91:    ptrdiff_t lineno;
        -:   92:
        -:   93:    /* Input location of the pattern.  The FILENAME "-" represents
        -:   94:       standard input, and "" represents the command line.  FILELINE is
        -:   95:       origin-1 for files and is irrelevant for the command line.  */
        -:   96:    char const *filename;
        -:   97:    ptrdiff_t fileline;
        -:   98:  };
        -:   99:
        -:  100:/* The array of pattern locations.  The concatenation of all patterns
        -:  101:   is stored in a single array, KEYS.  Given the invocation
        -:  102:   'grep -f <(seq 5) -f <(seq 6) -f <(seq 3)', there will initially be
        -:  103:   28 bytes in KEYS.  After duplicate patterns are removed, KEYS
        -:  104:   will have 12 bytes and PATLOC will be {0,x,1}, {10,y,1}
        -:  105:   where x, y and z are just place-holders for shell-generated names
        -:  106:   since and z is omitted as it contains only duplicates.  Sometimes
        -:  107:   removing duplicates will grow PATLOC, since each run of
        -:  108:   removed patterns not at a file start or end requires another
        -:  109:   PATLOC entry for the first non-removed pattern.  */
        -:  110:static struct patloc *patloc;
        -:  111:static size_t patlocs_allocated, patlocs_used;
        -:  112:
        -:  113:/* Pointer to the array of patterns, each terminated by newline.  */
        -:  114:static char *pattern_array;
        -:  115:
        -:  116:/* The number of unique patterns seen so far.  */
        -:  117:static size_t n_patterns;
        -:  118:
        -:  119:/* Hash table of patterns seen so far.  */
        -:  120:static Hash_table *pattern_table;
        -:  121:
        -:  122:/* Hash and compare newline-terminated patterns for textual equality.
        -:  123:   Patterns are represented by origin-1 offsets into PATTERN_ARRAY,
        -:  124:   cast to void *.  The origin-1 is so that the first pattern offset
        -:  125:   does not appear to be a null pointer when cast to void *.  */
        -:  126:static size_t _GL_ATTRIBUTE_PURE
function hash_pattern called 2 returned 100% blocks executed 100%
        2:  127:hash_pattern (void const *pat, size_t n_buckets)
        -:  128:{
        2:  129:  size_t h = 0;
        2:  130:  intptr_t pat_offset = (intptr_t) pat - 1;
        2:  131:  unsigned char const *s = (unsigned char const *) pattern_array + pat_offset;
       16:  132:  for ( ; *s != '\n'; s++)
branch  0 taken 88%
branch  1 taken 12% (fallthrough)
       14:  133:    h = h * 33 ^ *s;
        2:  134:  return h % n_buckets;
        -:  135:}
        -:  136:static bool _GL_ATTRIBUTE_PURE
function compare_patterns called 0 returned 0% blocks executed 0%
    #####:  137:compare_patterns (void const *a, void const *b)
        -:  138:{
    #####:  139:  intptr_t a_offset = (intptr_t) a - 1;
    #####:  140:  intptr_t b_offset = (intptr_t) b - 1;
    #####:  141:  char const *p = pattern_array + a_offset;
    #####:  142:  char const *q = pattern_array + b_offset;
    #####:  143:  for (; *p == *q; p++, q++)
branch  0 never executed
branch  1 never executed
    #####:  144:    if (*p == '\n')
branch  0 never executed
branch  1 never executed
    #####:  145:      return true;
    #####:  146:  return false;
        -:  147:}
        -:  148:
        -:  149:/* Update KEYS to remove duplicate patterns, and return the number of
        -:  150:   bytes in the resulting KEYS.  KEYS contains a sequence of patterns
        -:  151:   each terminated by '\n'.  The first DUPFREE_SIZE bytes are a
        -:  152:   sequence of patterns with no duplicates; SIZE is the total number
        -:  153:   of bytes in KEYS.  If some patterns past the first DUPFREE_SIZE
        -:  154:   bytes are not duplicates, update PATLOCS accordingly.  */
        -:  155:static ptrdiff_t
function update_patterns called 2 returned 100% blocks executed 93%
        2:  156:update_patterns (char *keys, ptrdiff_t dupfree_size, ptrdiff_t size,
        -:  157:                 char const *filename)
        -:  158:{
        2:  159:  char *dst = keys + dupfree_size;
        2:  160:  ptrdiff_t fileline = 1;
        2:  161:  int prev_inserted = 0;
        -:  162:
        2:  163:  char const *srclim = keys + size;
        -:  164:  ptrdiff_t patsize;
        4:  165:  for (char const *src = keys + dupfree_size; src < srclim; src += patsize)
branch  0 taken 50%
branch  1 taken 50% (fallthrough)
        -:  166:    {
        2:  167:      char const *patend = rawmemchr (src, '\n');
        2:  168:      patsize = patend + 1 - src;
        2:  169:      memmove (dst, src, patsize);
        -:  170:
        2:  171:      intptr_t dst_offset_1 = dst - keys + 1;
        2:  172:      int inserted = hash_insert_if_absent (pattern_table,
call    0 returned 100%
        -:  173:                                            (void *) dst_offset_1, NULL);
        2:  174:      if (inserted)
branch  0 taken 100% (fallthrough)
branch  1 taken 0%
        -:  175:        {
        2:  176:          if (inserted < 0)
branch  0 taken 0% (fallthrough)
branch  1 taken 100%
    #####:  177:            xalloc_die ();
call    0 never executed
        2:  178:          dst += patsize;
        -:  179:
        -:  180:          /* Add a PATLOCS entry unless this input line is simply the
        -:  181:             next one in the same file.  */
        2:  182:          if (!prev_inserted)
branch  0 taken 100% (fallthrough)
branch  1 taken 0%
        -:  183:            {
        2:  184:              if (patlocs_used == patlocs_allocated)
branch  0 taken 100% (fallthrough)
branch  1 taken 0%
        2:  185:                patloc = x2nrealloc (patloc, &patlocs_allocated,
call    0 returned 100%
        -:  186:                                     sizeof *patloc);
        2:  187:              patloc[patlocs_used++]
        2:  188:                = (struct patloc) { .lineno = n_patterns,
        -:  189:                                    .filename = filename,
        -:  190:                                    .fileline = fileline };
        -:  191:            }
        2:  192:          n_patterns++;
        -:  193:        }
        -:  194:
        2:  195:      prev_inserted = inserted;
        2:  196:      fileline++;
        -:  197:    }
        -:  198:
        2:  199:  return dst - keys;
        -:  200:}
        -:  201:
        -:  202:/* Map LINENO, the origin-0 line number of one of the input patterns,
        -:  203:   to the name of the file from which it came.  Return "-" if it was
        -:  204:   read from stdin, "" if it was specified on the command line.
        -:  205:   Set *NEW_LINENO to the origin-1 line number of PATTERN in the file,
        -:  206:   or to an unspecified value if PATTERN came from the command line.  */
        -:  207:char const * _GL_ATTRIBUTE_PURE
function pattern_file_name called 0 returned 0% blocks executed 0%
    #####:  208:pattern_file_name (size_t lineno, size_t *new_lineno)
        -:  209:{
        -:  210:  ptrdiff_t i;
    #####:  211:  for (i = 1; i < patlocs_used; i++)
branch  0 never executed
branch  1 never executed
    #####:  212:    if (lineno < patloc[i].lineno)
branch  0 never executed
branch  1 never executed
    #####:  213:      break;
    #####:  214:  *new_lineno = lineno - patloc[i - 1].lineno + patloc[i - 1].fileline;
    #####:  215:  return patloc[i - 1].filename;
        -:  216:}
        -:  217:
        -:  218:#if HAVE_ASAN
        -:  219:/* Record the starting address and length of the sole poisoned region,
        -:  220:   so that we can unpoison it later, just before each following read.  */
        -:  221:static void const *poison_buf;
        -:  222:static size_t poison_len;
        -:  223:
        -:  224:static void
        -:  225:clear_asan_poison (void)
        -:  226:{
        -:  227:  if (poison_buf)
        -:  228:    __asan_unpoison_memory_region (poison_buf, poison_len);
        -:  229:}
        -:  230:
        -:  231:static void
        -:  232:asan_poison (void const *addr, size_t size)
        -:  233:{
        -:  234:  poison_buf = addr;
        -:  235:  poison_len = size;
        -:  236:
        -:  237:  __asan_poison_memory_region (poison_buf, poison_len);
        -:  238:}
        -:  239:#else
function clear_asan_poison called 4 returned 100% blocks executed 100%
        4:  240:static void clear_asan_poison (void) { }
function asan_poison called 4 returned 100% blocks executed 100%
        4:  241:static void asan_poison (void const volatile *addr, size_t size) { }
        -:  242:#endif
        -:  243:
        -:  244:/* The group separator used when context is requested. */
        -:  245:static const char *group_separator = SEP_STR_GROUP;
        -:  246:
        -:  247:/* The context and logic for choosing default --color screen attributes
        -:  248:   (foreground and background colors, etc.) are the following.
        -:  249:      -- There are eight basic colors available, each with its own
        -:  250:         nominal luminosity to the human eye and foreground/background
        -:  251:         codes (black [0 %, 30/40], blue [11 %, 34/44], red [30 %, 31/41],
        -:  252:         magenta [41 %, 35/45], green [59 %, 32/42], cyan [70 %, 36/46],
        -:  253:         yellow [89 %, 33/43], and white [100 %, 37/47]).
        -:  254:      -- Sometimes, white as a background is actually implemented using
        -:  255:         a shade of light gray, so that a foreground white can be visible
        -:  256:         on top of it (but most often not).
        -:  257:      -- Sometimes, black as a foreground is actually implemented using
        -:  258:         a shade of dark gray, so that it can be visible on top of a
        -:  259:         background black (but most often not).
        -:  260:      -- Sometimes, more colors are available, as extensions.
        -:  261:      -- Other attributes can be selected/deselected (bold [1/22],
        -:  262:         underline [4/24], standout/inverse [7/27], blink [5/25], and
        -:  263:         invisible/hidden [8/28]).  They are sometimes implemented by
        -:  264:         using colors instead of what their names imply; e.g., bold is
        -:  265:         often achieved by using brighter colors.  In practice, only bold
        -:  266:         is really available to us, underline sometimes being mapped by
        -:  267:         the terminal to some strange color choice, and standout best
        -:  268:         being left for use by downstream programs such as less(1).
        -:  269:      -- We cannot assume that any of the extensions or special features
        -:  270:         are available for the purpose of choosing defaults for everyone.
        -:  271:      -- The most prevalent default terminal backgrounds are pure black
        -:  272:         and pure white, and are not necessarily the same shades of
        -:  273:         those as if they were selected explicitly with SGR sequences.
        -:  274:         Some terminals use dark or light pictures as default background,
        -:  275:         but those are covered over by an explicit selection of background
        -:  276:         color with an SGR sequence; their users will appreciate their
        -:  277:         background pictures not be covered like this, if possible.
        -:  278:      -- Some uses of colors attributes is to make some output items
        -:  279:         more understated (e.g., context lines); this cannot be achieved
        -:  280:         by changing the background color.
        -:  281:      -- For these reasons, the grep color defaults should strive not
        -:  282:         to change the background color from its default, unless it's
        -:  283:         for a short item that should be highlighted, not understated.
        -:  284:      -- The grep foreground color defaults (without an explicitly set
        -:  285:         background) should provide enough contrast to be readable on any
        -:  286:         terminal with either a black (dark) or white (light) background.
        -:  287:         This only leaves red, magenta, green, and cyan (and their bold
        -:  288:         counterparts) and possibly bold blue.  */
        -:  289:/* The color strings used for matched text.
        -:  290:   The user can overwrite them using the deprecated
        -:  291:   environment variable GREP_COLOR or the new GREP_COLORS.  */
        -:  292:static const char *selected_match_color = "01;31";	/* bold red */
        -:  293:static const char *context_match_color  = "01;31";	/* bold red */
        -:  294:
        -:  295:/* Other colors.  Defaults look damn good.  */
        -:  296:static const char *filename_color = "35";	/* magenta */
        -:  297:static const char *line_num_color = "32";	/* green */
        -:  298:static const char *byte_num_color = "32";	/* green */
        -:  299:static const char *sep_color      = "36";	/* cyan */
        -:  300:static const char *selected_line_color = "";	/* default color pair */
        -:  301:static const char *context_line_color  = "";	/* default color pair */
        -:  302:
        -:  303:/* Select Graphic Rendition (SGR, "\33[...m") strings.  */
        -:  304:/* Also Erase in Line (EL) to Right ("\33[K") by default.  */
        -:  305:/*    Why have EL to Right after SGR?
        -:  306:         -- The behavior of line-wrapping when at the bottom of the
        -:  307:            terminal screen and at the end of the current line is often
        -:  308:            such that a new line is introduced, entirely cleared with
        -:  309:            the current background color which may be different from the
        -:  310:            default one (see the boolean back_color_erase terminfo(5)
        -:  311:            capability), thus scrolling the display by one line.
        -:  312:            The end of this new line will stay in this background color
        -:  313:            even after reverting to the default background color with
        -:  314:            "\33[m', unless it is explicitly cleared again with "\33[K"
        -:  315:            (which is the behavior the user would instinctively expect
        -:  316:            from the whole thing).  There may be some unavoidable
        -:  317:            background-color flicker at the end of this new line because
        -:  318:            of this (when timing with the monitor's redraw is just right).
        -:  319:         -- The behavior of HT (tab, "\t") is usually the same as that of
        -:  320:            Cursor Forward Tabulation (CHT) with a default parameter
        -:  321:            of 1 ("\33[I"), i.e., it performs pure movement to the next
        -:  322:            tab stop, without any clearing of either content or screen
        -:  323:            attributes (including background color); try
        -:  324:               printf 'asdfqwerzxcv\rASDF\tZXCV\n'
        -:  325:            in a bash(1) shell to demonstrate this.  This is not what the
        -:  326:            user would instinctively expect of HT (but is ok for CHT).
        -:  327:            The instinctive behavior would include clearing the terminal
        -:  328:            cells that are skipped over by HT with blank cells in the
        -:  329:            current screen attributes, including background color;
        -:  330:            the boolean dest_tabs_magic_smso terminfo(5) capability
        -:  331:            indicates this saner behavior for HT, but only some rare
        -:  332:            terminals have it (although it also indicates a special
        -:  333:            glitch with standout mode in the Teleray terminal for which
        -:  334:            it was initially introduced).  The remedy is to add "\33K"
        -:  335:            after each SGR sequence, be it START (to fix the behavior
        -:  336:            of any HT after that before another SGR) or END (to fix the
        -:  337:            behavior of an HT in default background color that would
        -:  338:            follow a line-wrapping at the bottom of the screen in another
        -:  339:            background color, and to complement doing it after START).
        -:  340:            Piping grep's output through a pager such as less(1) avoids
        -:  341:            any HT problems since the pager performs tab expansion.
        -:  342:
        -:  343:      Generic disadvantages of this remedy are:
        -:  344:         -- Some very rare terminals might support SGR but not EL (nobody
        -:  345:            will use "grep --color" on a terminal that does not support
        -:  346:            SGR in the first place).
        -:  347:         -- Having these extra control sequences might somewhat complicate
        -:  348:            the task of any program trying to parse "grep --color"
        -:  349:            output in order to extract structuring information from it.
        -:  350:      A specific disadvantage to doing it after SGR START is:
        -:  351:         -- Even more possible background color flicker (when timing
        -:  352:            with the monitor's redraw is just right), even when not at the
        -:  353:            bottom of the screen.
        -:  354:      There are no additional disadvantages specific to doing it after
        -:  355:      SGR END.
        -:  356:
        -:  357:      It would be impractical for GNU grep to become a full-fledged
        -:  358:      terminal program linked against ncurses or the like, so it will
        -:  359:      not detect terminfo(5) capabilities.  */
        -:  360:static const char *sgr_start = "\33[%sm\33[K";
        -:  361:static const char *sgr_end   = "\33[m\33[K";
        -:  362:
        -:  363:/* SGR utility functions.  */
        -:  364:static void
function pr_sgr_start called 0 returned 0% blocks executed 0%
    #####:  365:pr_sgr_start (char const *s)
        -:  366:{
    #####:  367:  if (*s)
branch  0 never executed
branch  1 never executed
    #####:  368:    print_start_colorize (sgr_start, s);
call    0 never executed
    #####:  369:}
        -:  370:static void
function pr_sgr_end called 0 returned 0% blocks executed 0%
    #####:  371:pr_sgr_end (char const *s)
        -:  372:{
    #####:  373:  if (*s)
branch  0 never executed
branch  1 never executed
    #####:  374:    print_end_colorize (sgr_end);
call    0 never executed
    #####:  375:}
        -:  376:static void
function pr_sgr_start_if called 0 returned 0% blocks executed 0%
    #####:  377:pr_sgr_start_if (char const *s)
        -:  378:{
    #####:  379:  if (color_option)
branch  0 never executed
branch  1 never executed
    #####:  380:    pr_sgr_start (s);
call    0 never executed
    #####:  381:}
        -:  382:static void
function pr_sgr_end_if called 0 returned 0% blocks executed 0%
    #####:  383:pr_sgr_end_if (char const *s)
        -:  384:{
    #####:  385:  if (color_option)
branch  0 never executed
branch  1 never executed
    #####:  386:    pr_sgr_end (s);
call    0 never executed
    #####:  387:}
        -:  388:
        -:  389:struct color_cap
        -:  390:  {
        -:  391:    const char *name;
        -:  392:    const char **var;
        -:  393:    void (*fct) (void);
        -:  394:  };
        -:  395:
        -:  396:static void
function color_cap_mt_fct called 0 returned 0% blocks executed 0%
    #####:  397:color_cap_mt_fct (void)
        -:  398:{
        -:  399:  /* Our caller just set selected_match_color.  */
    #####:  400:  context_match_color = selected_match_color;
    #####:  401:}
        -:  402:
        -:  403:static void
function color_cap_rv_fct called 0 returned 0% blocks executed 0%
    #####:  404:color_cap_rv_fct (void)
        -:  405:{
        -:  406:  /* By this point, it was 1 (or already -1).  */
    #####:  407:  color_option = -1;  /* That's still != 0.  */
    #####:  408:}
        -:  409:
        -:  410:static void
function color_cap_ne_fct called 0 returned 0% blocks executed 0%
    #####:  411:color_cap_ne_fct (void)
        -:  412:{
    #####:  413:  sgr_start = "\33[%sm";
    #####:  414:  sgr_end   = "\33[m";
    #####:  415:}
        -:  416:
        -:  417:/* For GREP_COLORS.  */
        -:  418:static const struct color_cap color_dict[] =
        -:  419:  {
        -:  420:    { "mt", &selected_match_color, color_cap_mt_fct }, /* both ms/mc */
        -:  421:    { "ms", &selected_match_color, NULL }, /* selected matched text */
        -:  422:    { "mc", &context_match_color,  NULL }, /* context matched text */
        -:  423:    { "fn", &filename_color,       NULL }, /* filename */
        -:  424:    { "ln", &line_num_color,       NULL }, /* line number */
        -:  425:    { "bn", &byte_num_color,       NULL }, /* byte (sic) offset */
        -:  426:    { "se", &sep_color,            NULL }, /* separator */
        -:  427:    { "sl", &selected_line_color,  NULL }, /* selected lines */
        -:  428:    { "cx", &context_line_color,   NULL }, /* context lines */
        -:  429:    { "rv", NULL,                  color_cap_rv_fct }, /* -v reverses sl/cx */
        -:  430:    { "ne", NULL,                  color_cap_ne_fct }, /* no EL on SGR_* */
        -:  431:    { NULL, NULL,                  NULL }
        -:  432:  };
        -:  433:
        -:  434:/* Saved errno value from failed output functions on stdout.  */
        -:  435:static int stdout_errno;
        -:  436:
        -:  437:static void
function putchar_errno called 0 returned 0% blocks executed 0%
    #####:  438:putchar_errno (int c)
        -:  439:{
    #####:  440:  if (putchar (c) < 0)
call    0 never executed
branch  1 never executed
branch  2 never executed
    #####:  441:    stdout_errno = errno;
    #####:  442:}
        -:  443:
        -:  444:static void
function fputs_errno called 0 returned 0% blocks executed 0%
    #####:  445:fputs_errno (char const *s)
        -:  446:{
    #####:  447:  if (fputs (s, stdout) < 0)
call    0 never executed
branch  1 never executed
branch  2 never executed
    #####:  448:    stdout_errno = errno;
    #####:  449:}
        -:  450:
        -:  451:static void _GL_ATTRIBUTE_FORMAT_PRINTF_STANDARD (1, 2)
function printf_errno called 0 returned 0% blocks executed 0%
    #####:  452:printf_errno (char const *format, ...)
        -:  453:{
        -:  454:  va_list ap;
    #####:  455:  va_start (ap, format);
    #####:  456:  if (vfprintf (stdout, format, ap) < 0)
call    0 never executed
branch  1 never executed
branch  2 never executed
    #####:  457:    stdout_errno = errno;
    #####:  458:  va_end (ap);
    #####:  459:}
        -:  460:
        -:  461:static void
function fwrite_errno called 72 returned 100% blocks executed 75%
       72:  462:fwrite_errno (void const *ptr, size_t size, size_t nmemb)
        -:  463:{
       72:  464:  if (fwrite (ptr, size, nmemb, stdout) != nmemb)
call    0 returned 100%
branch  1 taken 0% (fallthrough)
branch  2 taken 100%
    #####:  465:    stdout_errno = errno;
       72:  466:}
        -:  467:
        -:  468:static void
function fflush_errno called 0 returned 0% blocks executed 0%
    #####:  469:fflush_errno (void)
        -:  470:{
    #####:  471:  if (fflush (stdout) != 0)
call    0 never executed
branch  1 never executed
branch  2 never executed
    #####:  472:    stdout_errno = errno;
    #####:  473:}
        -:  474:
        -:  475:static struct exclude *excluded_patterns[2];
        -:  476:static struct exclude *excluded_directory_patterns[2];
        -:  477:/* Short options.  */
        -:  478:static char const short_options[] =
        -:  479:"0123456789A:B:C:D:EFGHIPTUVX:abcd:e:f:hiLlm:noqRrsuvwxyZz";
        -:  480:
        -:  481:/* Non-boolean long options that have no corresponding short equivalents.  */
        -:  482:enum
        -:  483:{
        -:  484:  BINARY_FILES_OPTION = CHAR_MAX + 1,
        -:  485:  COLOR_OPTION,
        -:  486:  EXCLUDE_DIRECTORY_OPTION,
        -:  487:  EXCLUDE_OPTION,
        -:  488:  EXCLUDE_FROM_OPTION,
        -:  489:  GROUP_SEPARATOR_OPTION,
        -:  490:  INCLUDE_OPTION,
        -:  491:  LINE_BUFFERED_OPTION,
        -:  492:  LABEL_OPTION,
        -:  493:  NO_IGNORE_CASE_OPTION
        -:  494:};
        -:  495:
        -:  496:/* Long options equivalences. */
        -:  497:static struct option const long_options[] =
        -:  498:{
        -:  499:  {"basic-regexp",    no_argument, NULL, 'G'},
        -:  500:  {"extended-regexp", no_argument, NULL, 'E'},
        -:  501:  {"fixed-regexp",    no_argument, NULL, 'F'},
        -:  502:  {"fixed-strings",   no_argument, NULL, 'F'},
        -:  503:  {"perl-regexp",     no_argument, NULL, 'P'},
        -:  504:  {"after-context", required_argument, NULL, 'A'},
        -:  505:  {"before-context", required_argument, NULL, 'B'},
        -:  506:  {"binary-files", required_argument, NULL, BINARY_FILES_OPTION},
        -:  507:  {"byte-offset", no_argument, NULL, 'b'},
        -:  508:  {"context", required_argument, NULL, 'C'},
        -:  509:  {"color", optional_argument, NULL, COLOR_OPTION},
        -:  510:  {"colour", optional_argument, NULL, COLOR_OPTION},
        -:  511:  {"count", no_argument, NULL, 'c'},
        -:  512:  {"devices", required_argument, NULL, 'D'},
        -:  513:  {"directories", required_argument, NULL, 'd'},
        -:  514:  {"exclude", required_argument, NULL, EXCLUDE_OPTION},
        -:  515:  {"exclude-from", required_argument, NULL, EXCLUDE_FROM_OPTION},
        -:  516:  {"exclude-dir", required_argument, NULL, EXCLUDE_DIRECTORY_OPTION},
        -:  517:  {"file", required_argument, NULL, 'f'},
        -:  518:  {"files-with-matches", no_argument, NULL, 'l'},
        -:  519:  {"files-without-match", no_argument, NULL, 'L'},
        -:  520:  {"group-separator", required_argument, NULL, GROUP_SEPARATOR_OPTION},
        -:  521:  {"help", no_argument, &show_help, 1},
        -:  522:  {"include", required_argument, NULL, INCLUDE_OPTION},
        -:  523:  {"ignore-case", no_argument, NULL, 'i'},
        -:  524:  {"no-ignore-case", no_argument, NULL, NO_IGNORE_CASE_OPTION},
        -:  525:  {"initial-tab", no_argument, NULL, 'T'},
        -:  526:  {"label", required_argument, NULL, LABEL_OPTION},
        -:  527:  {"line-buffered", no_argument, NULL, LINE_BUFFERED_OPTION},
        -:  528:  {"line-number", no_argument, NULL, 'n'},
        -:  529:  {"line-regexp", no_argument, NULL, 'x'},
        -:  530:  {"max-count", required_argument, NULL, 'm'},
        -:  531:
        -:  532:  {"no-filename", no_argument, NULL, 'h'},
        -:  533:  {"no-group-separator", no_argument, NULL, GROUP_SEPARATOR_OPTION},
        -:  534:  {"no-messages", no_argument, NULL, 's'},
        -:  535:  {"null", no_argument, NULL, 'Z'},
        -:  536:  {"null-data", no_argument, NULL, 'z'},
        -:  537:  {"only-matching", no_argument, NULL, 'o'},
        -:  538:  {"quiet", no_argument, NULL, 'q'},
        -:  539:  {"recursive", no_argument, NULL, 'r'},
        -:  540:  {"dereference-recursive", no_argument, NULL, 'R'},
        -:  541:  {"regexp", required_argument, NULL, 'e'},
        -:  542:  {"invert-match", no_argument, NULL, 'v'},
        -:  543:  {"silent", no_argument, NULL, 'q'},
        -:  544:  {"text", no_argument, NULL, 'a'},
        -:  545:  {"binary", no_argument, NULL, 'U'},
        -:  546:  {"unix-byte-offsets", no_argument, NULL, 'u'},
        -:  547:  {"version", no_argument, NULL, 'V'},
        -:  548:  {"with-filename", no_argument, NULL, 'H'},
        -:  549:  {"word-regexp", no_argument, NULL, 'w'},
        -:  550:  {0, 0, 0, 0}
        -:  551:};
        -:  552:
        -:  553:/* Define flags declared in grep.h. */
        -:  554:bool match_icase;
        -:  555:bool match_words;
        -:  556:bool match_lines;
        -:  557:char eolbyte;
        -:  558:
        -:  559:/* For error messages. */
        -:  560:/* The input file name, or (if standard input) null or a --label argument.  */
        -:  561:static char const *filename;
        -:  562:/* Omit leading "./" from file names in diagnostics.  */
        -:  563:static bool omit_dot_slash;
        -:  564:static bool errseen;
        -:  565:
        -:  566:/* True if output from the current input file has been suppressed
        -:  567:   because an output line had an encoding error.  */
        -:  568:static bool encoding_error_output;
        -:  569:
        -:  570:enum directories_type
        -:  571:  {
        -:  572:    READ_DIRECTORIES = 2,
        -:  573:    RECURSE_DIRECTORIES,
        -:  574:    SKIP_DIRECTORIES
        -:  575:  };
        -:  576:
        -:  577:/* How to handle directories.  */
        -:  578:static char const *const directories_args[] =
        -:  579:{
        -:  580:  "read", "recurse", "skip", NULL
        -:  581:};
        -:  582:static enum directories_type const directories_types[] =
        -:  583:{
        -:  584:  READ_DIRECTORIES, RECURSE_DIRECTORIES, SKIP_DIRECTORIES
        -:  585:};
        -:  586:ARGMATCH_VERIFY (directories_args, directories_types);
        -:  587:
        -:  588:static enum directories_type directories = READ_DIRECTORIES;
        -:  589:
        -:  590:enum { basic_fts_options = FTS_CWDFD | FTS_NOSTAT | FTS_TIGHT_CYCLE_CHECK };
        -:  591:static int fts_options = basic_fts_options | FTS_COMFOLLOW | FTS_PHYSICAL;
        -:  592:
        -:  593:/* How to handle devices. */
        -:  594:static enum
        -:  595:  {
        -:  596:    READ_COMMAND_LINE_DEVICES,
        -:  597:    READ_DEVICES,
        -:  598:    SKIP_DEVICES
        -:  599:  } devices = READ_COMMAND_LINE_DEVICES;
        -:  600:
        -:  601:static bool grepfile (int, char const *, bool, bool);
        -:  602:static bool grepdesc (int, bool);
        -:  603:
        -:  604:static bool
function is_device_mode called 0 returned 0% blocks executed 0%
    #####:  605:is_device_mode (mode_t m)
        -:  606:{
    #####:  607:  return S_ISCHR (m) || S_ISBLK (m) || S_ISSOCK (m) || S_ISFIFO (m);
branch  0 never executed
branch  1 never executed
branch  2 never executed
branch  3 never executed
branch  4 never executed
branch  5 never executed
branch  6 never executed
branch  7 never executed
        -:  608:}
        -:  609:
        -:  610:static bool
function skip_devices called 4 returned 100% blocks executed 83%
        4:  611:skip_devices (bool command_line)
        -:  612:{
        4:  613:  return (devices == SKIP_DEVICES
       4*:  614:          || ((devices == READ_COMMAND_LINE_DEVICES) & !command_line));
branch  0 taken 100% (fallthrough)
branch  1 taken 0%
branch  2 taken 0% (fallthrough)
branch  3 taken 100%
        -:  615:}
        -:  616:
        -:  617:/* Return if ST->st_size is defined.  Assume the file is not a
        -:  618:   symbolic link.  */
        -:  619:static bool
function usable_st_size called 2 returned 100% blocks executed 100%
        2:  620:usable_st_size (struct stat const *st)
        -:  621:{
        2:  622:  return S_ISREG (st->st_mode) || S_TYPEISSHM (st) || S_TYPEISTMO (st);
        -:  623:}
        -:  624:
        -:  625:/* Lame substitutes for SEEK_DATA and SEEK_HOLE on platforms lacking them.
        -:  626:   Do not rely on these finding data or holes if they equal SEEK_SET.  */
        -:  627:#ifndef SEEK_DATA
        -:  628:enum { SEEK_DATA = SEEK_SET };
        -:  629:#endif
        -:  630:#ifndef SEEK_HOLE
        -:  631:enum { SEEK_HOLE = SEEK_SET };
        -:  632:#endif
        -:  633:
        -:  634:/* True if lseek with SEEK_CUR or SEEK_DATA failed on the current input.  */
        -:  635:static bool seek_failed;
        -:  636:static bool seek_data_failed;
        -:  637:
        -:  638:/* Functions we'll use to search. */
        -:  639:typedef void *(*compile_fp_t) (char *, size_t, reg_syntax_t, bool);
        -:  640:typedef size_t (*execute_fp_t) (void *, char const *, size_t, size_t *,
        -:  641:                                char const *);
        -:  642:static execute_fp_t execute;
        -:  643:static void *compiled_pattern;
        -:  644:
        -:  645:char const *
function input_filename called 0 returned 0% blocks executed 0%
    #####:  646:input_filename (void)
        -:  647:{
    #####:  648:  if (!filename)
branch  0 never executed
branch  1 never executed
    #####:  649:    filename = _("(standard input)");
    #####:  650:  return filename;
        -:  651:}
        -:  652:
        -:  653:/* Unless requested, diagnose an error about the input file.  */
        -:  654:static void
function suppressible_error called 0 returned 0% blocks executed 0%
    #####:  655:suppressible_error (int errnum)
        -:  656:{
    #####:  657:  if (! suppress_errors)
branch  0 never executed
branch  1 never executed
    #####:  658:    error (0, errnum, "%s", input_filename ());
call    0 never executed
call    1 never executed
    #####:  659:  errseen = true;
    #####:  660:}
        -:  661:
        -:  662:/* If there has already been a write error, don't bother closing
        -:  663:   standard output, as that might elicit a duplicate diagnostic.  */
        -:  664:static void
function clean_up_stdout called 3 returned 100% blocks executed 100%
        3:  665:clean_up_stdout (void)
        -:  666:{
        3:  667:  if (! stdout_errno)
branch  0 taken 100% (fallthrough)
branch  1 taken 0%
        3:  668:    close_stdout ();
call    0 returned 100%
        3:  669:}
        -:  670:
        -:  671:/* A cast to TYPE of VAL.  Use this when TYPE is a pointer type, VAL
        -:  672:   is properly aligned for TYPE, and 'gcc -Wcast-align' cannot infer
        -:  673:   the alignment and would otherwise complain about the cast.  */
        -:  674:#if 4 < __GNUC__ + (6 <= __GNUC_MINOR__)
        -:  675:# define CAST_ALIGNED(type, val)                           \
        -:  676:    ({ __typeof__ (val) val_ = val;                        \
        -:  677:       _Pragma ("GCC diagnostic push")                     \
        -:  678:       _Pragma ("GCC diagnostic ignored \"-Wcast-align\"") \
        -:  679:       (type) val_;                                        \
        -:  680:       _Pragma ("GCC diagnostic pop")                      \
        -:  681:    })
        -:  682:#else
        -:  683:# define CAST_ALIGNED(type, val) ((type) (val))
        -:  684:#endif
        -:  685:
        -:  686:/* An unsigned type suitable for fast matching.  */
        -:  687:typedef uintmax_t uword;
        -:  688:static uword const uword_max = UINTMAX_MAX;
        -:  689:
        -:  690:struct localeinfo localeinfo;
        -:  691:
        -:  692:/* A mask to test for unibyte characters, with the pattern repeated to
        -:  693:   fill a uword.  For a multibyte character encoding where
        -:  694:   all bytes are unibyte characters, this is 0.  For UTF-8, this is
        -:  695:   0x808080....  For encodings where unibyte characters have no discerned
        -:  696:   pattern, this is all 1s.  The unsigned char C is a unibyte
        -:  697:   character if C & UNIBYTE_MASK is zero.  If the uword W is the
        -:  698:   concatenation of bytes, the bytes are all unibyte characters
        -:  699:   if W & UNIBYTE_MASK is zero.  */
        -:  700:static uword unibyte_mask;
        -:  701:
        -:  702:static void
function initialize_unibyte_mask called 2 returned 100% blocks executed 100%
        2:  703:initialize_unibyte_mask (void)
        -:  704:{
        -:  705:  /* For each encoding error I that MASK does not already match,
        -:  706:     accumulate I's most significant 1 bit by ORing it into MASK.
        -:  707:     Although any 1 bit of I could be used, in practice high-order
        -:  708:     bits work better.  */
        2:  709:  unsigned char mask = 0;
        2:  710:  int ms1b = 1;
      512:  711:  for (int i = 1; i <= UCHAR_MAX; i++)
branch  0 taken 100%
branch  1 taken 1% (fallthrough)
      510:  712:    if ((localeinfo.sbclen[i] != 1) & ! (mask & i))
branch  0 taken 1% (fallthrough)
branch  1 taken 100%
        -:  713:      {
       16:  714:        while (ms1b * 2 <= i)
branch  0 taken 88%
branch  1 taken 12% (fallthrough)
       14:  715:          ms1b *= 2;
        2:  716:        mask |= ms1b;
        -:  717:      }
        -:  718:
        -:  719:  /* Now MASK will detect any encoding-error byte, although it may
        -:  720:     cry wolf and it may not be optimal.  Build a uword-length mask by
        -:  721:     repeating MASK.  */
        2:  722:  unibyte_mask = uword_max / UCHAR_MAX * mask;
        2:  723:}
        -:  724:
        -:  725:/* Skip the easy bytes in a buffer that is guaranteed to have a sentinel
        -:  726:   that is not easy, and return a pointer to the first non-easy byte.
        -:  727:   The easy bytes all have UNIBYTE_MASK off.  */
        -:  728:static char const * _GL_ATTRIBUTE_PURE
function skip_easy_bytes called 72 returned 100% blocks executed 94%
       72:  729:skip_easy_bytes (char const *buf)
      416:  730:{
        -:  731:  /* Search a byte at a time until the pointer is aligned, then a
        -:  732:     uword at a time until a match is found, then a byte at a time to
        -:  733:     identify the exact byte.  The uword search may go slightly past
        -:  734:     the buffer end, but that's benign.  */
        -:  735:  char const *p;
        -:  736:  uword const *s;
      320:  737:  for (p = buf; (uintptr_t) p % sizeof (uword) != 0; p++)
branch  0 taken 78%
branch  1 taken 22% (fallthrough)
      248:  738:    if (to_uchar (*p) & unibyte_mask)
call    0 returned 100%
branch  1 taken 0% (fallthrough)
branch  2 taken 100%
    #####:  739:      return p;
      226:  740:  for (s = CAST_ALIGNED (uword const *, p); ! (*s & unibyte_mask); s++)
branch  0 taken 68%
branch  1 taken 32% (fallthrough)
      154:  741:    continue;
      334:  742:  for (p = (char const *) s; ! (to_uchar (*p) & unibyte_mask); p++)
call    0 returned 100%
branch  1 taken 78%
branch  2 taken 22% (fallthrough)
      262:  743:    continue;
       72:  744:  return p;
        -:  745:}
        -:  746:
        -:  747:/* Return true if BUF, of size SIZE, has an encoding error.
        -:  748:   BUF must be followed by at least sizeof (uword) bytes,
        -:  749:   the first of which may be modified.  */
        -:  750:static bool
function buf_has_encoding_errors called 72 returned 100% blocks executed 55%
       72:  751:buf_has_encoding_errors (char *buf, size_t size)
        -:  752:{
       72:  753:  if (! unibyte_mask)
branch  0 taken 0% (fallthrough)
branch  1 taken 100%
    #####:  754:    return false;
        -:  755:
       72:  756:  mbstate_t mbs = { 0 };
        -:  757:  size_t clen;
        -:  758:
       72:  759:  buf[size] = -1;
      72*:  760:  for (char const *p = buf; (p = skip_easy_bytes (p)) < buf + size; p += clen)
branch  0 taken 0%
branch  1 taken 100% (fallthrough)
        -:  761:    {
    #####:  762:      clen = mbrlen (p, buf + size - p, &mbs);
call    0 never executed
    #####:  763:      if ((size_t) -2 <= clen)
branch  0 never executed
branch  1 never executed
    #####:  764:        return true;
        -:  765:    }
        -:  766:
       72:  767:  return false;
        -:  768:}
        -:  769:
        -:  770:
        -:  771:/* Return true if BUF, of size SIZE, has a null byte.
        -:  772:   BUF must be followed by at least one byte,
        -:  773:   which may be arbitrarily written to or read from.  */
        -:  774:static bool
function buf_has_nulls called 4 returned 100% blocks executed 100%
        4:  775:buf_has_nulls (char *buf, size_t size)
        -:  776:{
        4:  777:  buf[size] = 0;
        4:  778:  return strlen (buf) != size;
        -:  779:}
        -:  780:
        -:  781:/* Return true if a file is known to contain null bytes.
        -:  782:   SIZE bytes have already been read from the file
        -:  783:   with descriptor FD and status ST.  */
        -:  784:static bool
function file_must_have_nulls called 2 returned 100% blocks executed 35%
        2:  785:file_must_have_nulls (size_t size, int fd, struct stat const *st)
        -:  786:{
        -:  787:  /* If the file has holes, it must contain a null byte somewhere.  */
        2:  788:  if (SEEK_HOLE != SEEK_SET && !seek_failed
branch  0 taken 100% (fallthrough)
branch  1 taken 0%
        2:  789:      && usable_st_size (st) && size < st->st_size)
call    0 returned 100%
branch  1 taken 100% (fallthrough)
branch  2 taken 0%
branch  3 taken 0% (fallthrough)
branch  4 taken 100%
        -:  790:    {
    #####:  791:      off_t cur = size;
    #####:  792:      if (O_BINARY || fd == STDIN_FILENO)
branch  0 never executed
branch  1 never executed
        -:  793:        {
    #####:  794:          cur = lseek (fd, 0, SEEK_CUR);
call    0 never executed
    #####:  795:          if (cur < 0)
branch  0 never executed
branch  1 never executed
    #####:  796:            return false;
        -:  797:        }
        -:  798:
        -:  799:      /* Look for a hole after the current location.  */
    #####:  800:      off_t hole_start = lseek (fd, cur, SEEK_HOLE);
call    0 never executed
    #####:  801:      if (0 <= hole_start)
branch  0 never executed
branch  1 never executed
        -:  802:        {
    #####:  803:          if (lseek (fd, cur, SEEK_SET) < 0)
call    0 never executed
branch  1 never executed
branch  2 never executed
    #####:  804:            suppressible_error (errno);
call    0 never executed
    #####:  805:          if (hole_start < st->st_size)
branch  0 never executed
branch  1 never executed
    #####:  806:            return true;
        -:  807:        }
        -:  808:    }
        -:  809:
        2:  810:  return false;
        -:  811:}
        -:  812:
        -:  813:/* Convert STR to a nonnegative integer, storing the result in *OUT.
        -:  814:   STR must be a valid context length argument; report an error if it
        -:  815:   isn't.  Silently ceiling *OUT at the maximum value, as that is
        -:  816:   practically equivalent to infinity for grep's purposes.  */
        -:  817:static void
function context_length_arg called 0 returned 0% blocks executed 0%
    #####:  818:context_length_arg (char const *str, intmax_t *out)
        -:  819:{
    #####:  820:  switch (xstrtoimax (str, 0, 10, out, ""))
call    0 never executed
branch  1 never executed
branch  2 never executed
        -:  821:    {
    #####:  822:    case LONGINT_OK:
        -:  823:    case LONGINT_OVERFLOW:
    #####:  824:      if (0 <= *out)
branch  0 never executed
branch  1 never executed
    #####:  825:        break;
        -:  826:      FALLTHROUGH;
        -:  827:    default:
    #####:  828:      die (EXIT_TROUBLE, 0, "%s: %s", str,
call    0 never executed
call    1 never executed
        -:  829:           _("invalid context length argument"));
        -:  830:    }
    #####:  831:}
        -:  832:
        -:  833:/* Return the add_exclude options suitable for excluding a file name.
        -:  834:   If COMMAND_LINE, it is a command-line file name.  */
        -:  835:static int
function exclude_options called 0 returned 0% blocks executed 0%
    #####:  836:exclude_options (bool command_line)
        -:  837:{
    #####:  838:  return EXCLUDE_WILDCARDS | (command_line ? 0 : EXCLUDE_ANCHORED);
branch  0 never executed
branch  1 never executed
        -:  839:}
        -:  840:
        -:  841:/* Return true if the file with NAME should be skipped.
        -:  842:   If COMMAND_LINE, it is a command-line argument.
        -:  843:   If IS_DIR, it is a directory.  */
        -:  844:static bool
function skipped_file called 2 returned 100% blocks executed 40%
        2:  845:skipped_file (char const *name, bool command_line, bool is_dir)
        -:  846:{
        -:  847:  struct exclude **pats;
        2:  848:  if (! is_dir)
branch  0 taken 100% (fallthrough)
branch  1 taken 0%
        2:  849:    pats = excluded_patterns;
    #####:  850:  else if (directories == SKIP_DIRECTORIES)
branch  0 never executed
branch  1 never executed
    #####:  851:    return true;
    #####:  852:  else if (command_line && omit_dot_slash)
branch  0 never executed
branch  1 never executed
branch  2 never executed
branch  3 never executed
    #####:  853:    return false;
        -:  854:  else
    #####:  855:    pats = excluded_directory_patterns;
       2*:  856:  return pats[command_line] && excluded_file_name (pats[command_line], name);
branch  0 taken 0% (fallthrough)
branch  1 taken 100%
call    2 never executed
branch  3 never executed
branch  4 never executed
        -:  857:}
        -:  858:
        -:  859:/* Hairy buffering mechanism for grep.  The intent is to keep
        -:  860:   all reads aligned on a page boundary and multiples of the
        -:  861:   page size, unless a read yields a partial page.  */
        -:  862:
        -:  863:static char *buffer;		/* Base of buffer. */
        -:  864:static size_t bufalloc;		/* Allocated buffer size, counting slop. */
        -:  865:static int bufdesc;		/* File descriptor. */
        -:  866:static char *bufbeg;		/* Beginning of user-visible stuff. */
        -:  867:static char *buflim;		/* Limit of user-visible stuff. */
        -:  868:static size_t pagesize;		/* alignment of memory pages */
        -:  869:static off_t bufoffset;		/* Read offset.  */
        -:  870:static off_t after_last_match;	/* Pointer after last matching line that
        -:  871:                                   would have been output if we were
        -:  872:                                   outputting characters. */
        -:  873:static bool skip_nuls;		/* Skip '\0' in data.  */
        -:  874:static bool skip_empty_lines;	/* Skip empty lines in data.  */
        -:  875:static uintmax_t totalnl;	/* Total newline count before lastnl. */
        -:  876:
        -:  877:/* Initial buffer size, not counting slop. */
        -:  878:enum { INITIAL_BUFSIZE = 96 * 1024 };
        -:  879:
        -:  880:/* Return VAL aligned to the next multiple of ALIGNMENT.  VAL can be
        -:  881:   an integer or a pointer.  Both args must be free of side effects.  */
        -:  882:#define ALIGN_TO(val, alignment) \
        -:  883:  ((uintptr_t) (val) % (alignment) == 0 \
        -:  884:   ? (val) \
        -:  885:   : (val) + ((alignment) - (uintptr_t) (val) % (alignment)))
        -:  886:
        -:  887:/* Add two numbers that count input bytes or lines, and report an
        -:  888:   error if the addition overflows.  */
        -:  889:static uintmax_t
function add_count called 0 returned 0% blocks executed 0%
    #####:  890:add_count (uintmax_t a, uintmax_t b)
        -:  891:{
    #####:  892:  uintmax_t sum = a + b;
    #####:  893:  if (sum < a)
branch  0 never executed
branch  1 never executed
    #####:  894:    die (EXIT_TROUBLE, 0, _("input is too large to count"));
call    0 never executed
call    1 never executed
    #####:  895:  return sum;
        -:  896:}
        -:  897:
        -:  898:/* Return true if BUF (of size SIZE) is all zeros.  */
        -:  899:static bool
function all_zeros called 0 returned 0% blocks executed 0%
    #####:  900:all_zeros (char const *buf, size_t size)
        -:  901:{
    #####:  902:  for (char const *p = buf; p < buf + size; p++)
branch  0 never executed
branch  1 never executed
    #####:  903:    if (*p)
branch  0 never executed
branch  1 never executed
    #####:  904:      return false;
    #####:  905:  return true;
        -:  906:}
        -:  907:
        -:  908:/* Reset the buffer for a new file, returning false if we should skip it.
        -:  909:   Initialize on the first time through. */
        -:  910:static bool
function reset called 2 returned 100% blocks executed 54%
        2:  911:reset (int fd, struct stat const *st)
        -:  912:{
       2*:  913:  bufbeg = buflim = ALIGN_TO (buffer + 1, pagesize);
branch  0 taken 0% (fallthrough)
branch  1 taken 100%
        2:  914:  bufbeg[-1] = eolbyte;
        2:  915:  bufdesc = fd;
       2*:  916:  bufoffset = fd == STDIN_FILENO ? lseek (fd, 0, SEEK_CUR) : 0;
branch  0 taken 0% (fallthrough)
branch  1 taken 100%
call    2 never executed
        2:  917:  seek_failed = bufoffset < 0;
        -:  918:
        -:  919:  /* Assume SEEK_DATA fails if SEEK_CUR does.  */
        2:  920:  seek_data_failed = seek_failed;
        -:  921:
        2:  922:  if (seek_failed)
branch  0 taken 0% (fallthrough)
branch  1 taken 100%
        -:  923:    {
    #####:  924:      if (errno != ESPIPE)
branch  0 never executed
branch  1 never executed
        -:  925:        {
    #####:  926:          suppressible_error (errno);
call    0 never executed
    #####:  927:          return false;
        -:  928:        }
    #####:  929:      bufoffset = 0;
        -:  930:    }
        2:  931:  return true;
        -:  932:}
        -:  933:
        -:  934:/* Read new stuff into the buffer, saving the specified
        -:  935:   amount of old stuff.  When we're done, 'bufbeg' points
        -:  936:   to the beginning of the buffer contents, and 'buflim'
        -:  937:   points just after the end.  Return false if there's an error.  */
        -:  938:static bool
function fillbuf called 4 returned 100% blocks executed 21%
        4:  939:fillbuf (size_t save, struct stat const *st)
        -:  940:{
        -:  941:  size_t fillsize;
        4:  942:  bool cc = true;
        -:  943:  char *readbuf;
        -:  944:  size_t readsize;
        -:  945:
        4:  946:  if (pagesize <= buffer + bufalloc - sizeof (uword) - buflim)
branch  0 taken 100% (fallthrough)
branch  1 taken 0%
        4:  947:    readbuf = buflim;
        -:  948:  else
        -:  949:    {
    #####:  950:      size_t minsize = save + pagesize;
        -:  951:      size_t newsize;
        -:  952:      size_t newalloc;
        -:  953:      char *newbuf;
        -:  954:
        -:  955:      /* Grow newsize until it is at least as great as minsize.  */
    #####:  956:      for (newsize = bufalloc - pagesize - sizeof (uword);
    #####:  957:           newsize < minsize;
branch  0 never executed
branch  1 never executed
    #####:  958:           newsize *= 2)
    #####:  959:        if ((SIZE_MAX - pagesize - sizeof (uword)) / 2 < newsize)
branch  0 never executed
branch  1 never executed
    #####:  960:          xalloc_die ();
call    0 never executed
        -:  961:
        -:  962:      /* Try not to allocate more memory than the file size indicates,
        -:  963:         as that might cause unnecessary memory exhaustion if the file
        -:  964:         is large.  However, do not use the original file size as a
        -:  965:         heuristic if we've already read past the file end, as most
        -:  966:         likely the file is growing.  */
    #####:  967:      if (usable_st_size (st))
call    0 never executed
branch  1 never executed
branch  2 never executed
        -:  968:        {
    #####:  969:          off_t to_be_read = st->st_size - bufoffset;
    #####:  970:          off_t maxsize_off = save + to_be_read;
    #####:  971:          if (0 <= to_be_read && to_be_read <= maxsize_off
branch  0 never executed
branch  1 never executed
    #####:  972:              && maxsize_off == (size_t) maxsize_off
branch  0 never executed
branch  1 never executed
    #####:  973:              && minsize <= (size_t) maxsize_off
branch  0 never executed
branch  1 never executed
    #####:  974:              && (size_t) maxsize_off < newsize)
branch  0 never executed
branch  1 never executed
    #####:  975:            newsize = maxsize_off;
        -:  976:        }
        -:  977:
        -:  978:      /* Add enough room so that the buffer is aligned and has room
        -:  979:         for byte sentinels fore and aft, and so that a uword can
        -:  980:         be read aft.  */
    #####:  981:      newalloc = newsize + pagesize + sizeof (uword);
        -:  982:
    #####:  983:      newbuf = bufalloc < newalloc ? xmalloc (bufalloc = newalloc) : buffer;
branch  0 never executed
branch  1 never executed
call    2 never executed
    #####:  984:      readbuf = ALIGN_TO (newbuf + 1 + save, pagesize);
branch  0 never executed
branch  1 never executed
    #####:  985:      size_t moved = save + 1;  /* Move the preceding byte sentinel too.  */
    #####:  986:      memmove (readbuf - moved, buflim - moved, moved);
    #####:  987:      if (newbuf != buffer)
branch  0 never executed
branch  1 never executed
        -:  988:        {
    #####:  989:          free (buffer);
    #####:  990:          buffer = newbuf;
        -:  991:        }
        -:  992:    }
        -:  993:
        4:  994:  bufbeg = readbuf - save;
        -:  995:
        4:  996:  clear_asan_poison ();
call    0 returned 100%
        -:  997:
        4:  998:  readsize = buffer + bufalloc - sizeof (uword) - readbuf;
        4:  999:  readsize -= readsize % pagesize;
        -: 1000:
        -: 1001:  while (true)
        -: 1002:    {
       4*: 1003:      fillsize = safe_read (bufdesc, readbuf, readsize);
call    0 returned 100%
        4: 1004:      if (fillsize == SAFE_READ_ERROR)
branch  0 taken 0% (fallthrough)
branch  1 taken 100%
        -: 1005:        {
    #####: 1006:          fillsize = 0;
    #####: 1007:          cc = false;
        -: 1008:        }
        4: 1009:      bufoffset += fillsize;
        -: 1010:
       4*: 1011:      if (((fillsize == 0) | !skip_nuls) || !all_zeros (readbuf, fillsize))
branch  0 taken 0% (fallthrough)
branch  1 taken 100%
call    2 never executed
branch  3 never executed
branch  4 never executed
        -: 1012:        break;
    #####: 1013:      totalnl = add_count (totalnl, fillsize);
call    0 never executed
        -: 1014:
    #####: 1015:      if (SEEK_DATA != SEEK_SET && !seek_data_failed)
branch  0 never executed
branch  1 never executed
        -: 1016:        {
        -: 1017:          /* Solaris SEEK_DATA fails with errno == ENXIO in a hole at EOF.  */
    #####: 1018:          off_t data_start = lseek (bufdesc, bufoffset, SEEK_DATA);
call    0 never executed
    #####: 1019:          if (data_start < 0 && errno == ENXIO
branch  0 never executed
branch  1 never executed
branch  2 never executed
branch  3 never executed
    #####: 1020:              && usable_st_size (st) && bufoffset < st->st_size)
call    0 never executed
branch  1 never executed
branch  2 never executed
branch  3 never executed
branch  4 never executed
    #####: 1021:            data_start = lseek (bufdesc, 0, SEEK_END);
call    0 never executed
        -: 1022:
    #####: 1023:          if (data_start < 0)
branch  0 never executed
branch  1 never executed
    #####: 1024:            seek_data_failed = true;
        -: 1025:          else
        -: 1026:            {
    #####: 1027:              totalnl = add_count (totalnl, data_start - bufoffset);
call    0 never executed
    #####: 1028:              bufoffset = data_start;
        -: 1029:            }
        -: 1030:        }
        -: 1031:    }
        -: 1032:
        4: 1033:  buflim = readbuf + fillsize;
        -: 1034:
        -: 1035:  /* Initialize the following word, because skip_easy_bytes and some
        -: 1036:     matchers read (but do not use) those bytes.  This avoids false
        -: 1037:     positive reports of these bytes being used uninitialized.  */
        4: 1038:  memset (buflim, 0, sizeof (uword));
        -: 1039:
        -: 1040:  /* Mark the part of the buffer not filled by the read or set by
        -: 1041:     the above memset call as ASAN-poisoned.  */
        4: 1042:  asan_poison (buflim + sizeof (uword),
        4: 1043:               bufalloc - (buflim - buffer) - sizeof (uword));
call    0 returned 100%
        -: 1044:
        4: 1045:  return cc;
        -: 1046:}
        -: 1047:
        -: 1048:/* Flags controlling the style of output. */
        -: 1049:static enum
        -: 1050:{
        -: 1051:  BINARY_BINARY_FILES,
        -: 1052:  TEXT_BINARY_FILES,
        -: 1053:  WITHOUT_MATCH_BINARY_FILES
        -: 1054:} binary_files;		/* How to handle binary files.  */
        -: 1055:
        -: 1056:/* Options for output as a list of matching/non-matching files */
        -: 1057:static enum
        -: 1058:{
        -: 1059:  LISTFILES_NONE,
        -: 1060:  LISTFILES_MATCHING,
        -: 1061:  LISTFILES_NONMATCHING,
        -: 1062:} list_files;
        -: 1063:
        -: 1064:/* Whether to output filenames.  1 means yes, 0 means no, and -1 means
        -: 1065:   'grep -r PATTERN FILE' was used and it is not known yet whether
        -: 1066:   FILE is a directory (which means yes) or not (which means no).  */
        -: 1067:static int out_file;
        -: 1068:
        -: 1069:static int filename_mask;	/* If zero, output nulls after filenames.  */
        -: 1070:static bool out_quiet;		/* Suppress all normal output. */
        -: 1071:static bool out_invert;		/* Print nonmatching stuff. */
        -: 1072:static bool out_line;		/* Print line numbers. */
        -: 1073:static bool out_byte;		/* Print byte offsets. */
        -: 1074:static intmax_t out_before;	/* Lines of leading context. */
        -: 1075:static intmax_t out_after;	/* Lines of trailing context. */
        -: 1076:static bool count_matches;	/* Count matching lines.  */
        -: 1077:static intmax_t max_count;	/* Max number of selected
        -: 1078:                                   lines from an input file.  */
        -: 1079:static bool line_buffered;	/* Use line buffering.  */
        -: 1080:static char *label = NULL;      /* Fake filename for stdin */
        -: 1081:
        -: 1082:
        -: 1083:/* Internal variables to keep track of byte count, context, etc. */
        -: 1084:static uintmax_t totalcc;	/* Total character count before bufbeg. */
        -: 1085:static char const *lastnl;	/* Pointer after last newline counted. */
        -: 1086:static char *lastout;		/* Pointer after last character output;
        -: 1087:                                   NULL if no character has been output
        -: 1088:                                   or if it's conceptually before bufbeg. */
        -: 1089:static intmax_t outleft;	/* Maximum number of selected lines.  */
        -: 1090:static intmax_t pending;	/* Pending lines of output.
        -: 1091:                                   Always kept 0 if out_quiet is true.  */
        -: 1092:static bool done_on_match;	/* Stop scanning file on first match.  */
        -: 1093:static bool exit_on_match;	/* Exit on first match.  */
        -: 1094:static bool dev_null_output;	/* Stdout is known to be /dev/null.  */
        -: 1095:static bool binary;		/* Use binary rather than text I/O.  */
        -: 1096:
        -: 1097:static void
function nlscan called 0 returned 0% blocks executed 0%
    #####: 1098:nlscan (char const *lim)
        -: 1099:{
    #####: 1100:  size_t newlines = 0;
    #####: 1101:  for (char const *beg = lastnl; beg < lim; beg++)
branch  0 never executed
branch  1 never executed
        -: 1102:    {
    #####: 1103:      beg = memchr (beg, eolbyte, lim - beg);
    #####: 1104:      if (!beg)
branch  0 never executed
branch  1 never executed
    #####: 1105:        break;
    #####: 1106:      newlines++;
        -: 1107:    }
    #####: 1108:  totalnl = add_count (totalnl, newlines);
call    0 never executed
    #####: 1109:  lastnl = lim;
    #####: 1110:}
        -: 1111:
        -: 1112:/* Print the current filename.  */
        -: 1113:static void
function print_filename called 0 returned 0% blocks executed 0%
    #####: 1114:print_filename (void)
        -: 1115:{
    #####: 1116:  pr_sgr_start_if (filename_color);
call    0 never executed
    #####: 1117:  fputs_errno (input_filename ());
call    0 never executed
call    1 never executed
    #####: 1118:  pr_sgr_end_if (filename_color);
call    0 never executed
    #####: 1119:}
        -: 1120:
        -: 1121:/* Print a character separator.  */
        -: 1122:static void
function print_sep called 0 returned 0% blocks executed 0%
    #####: 1123:print_sep (char sep)
        -: 1124:{
    #####: 1125:  pr_sgr_start_if (sep_color);
call    0 never executed
    #####: 1126:  putchar_errno (sep);
call    0 never executed
    #####: 1127:  pr_sgr_end_if (sep_color);
call    0 never executed
    #####: 1128:}
        -: 1129:
        -: 1130:/* Print a line number or a byte offset.  */
        -: 1131:static void
function print_offset called 0 returned 0% blocks executed 0%
    #####: 1132:print_offset (uintmax_t pos, const char *color)
        -: 1133:{
    #####: 1134:  pr_sgr_start_if (color);
call    0 never executed
    #####: 1135:  printf_errno ("%*"PRIuMAX, offset_width, pos);
call    0 never executed
    #####: 1136:  pr_sgr_end_if (color);
call    0 never executed
    #####: 1137:}
        -: 1138:
        -: 1139:/* Print a whole line head (filename, line, byte).  The output data
        -: 1140:   starts at BEG and contains LEN bytes; it is followed by at least
        -: 1141:   sizeof (uword) bytes, the first of which may be temporarily modified.
        -: 1142:   The output data comes from what is perhaps a larger input line that
        -: 1143:   goes until LIM, where LIM[-1] is an end-of-line byte.  Use SEP as
        -: 1144:   the separator on output.
        -: 1145:
        -: 1146:   Return true unless the line was suppressed due to an encoding error.  */
        -: 1147:
        -: 1148:static bool
function print_line_head called 72 returned 100% blocks executed 35%
       72: 1149:print_line_head (char *beg, size_t len, char const *lim, char sep)
        -: 1150:{
       72: 1151:  if (binary_files != TEXT_BINARY_FILES)
branch  0 taken 100% (fallthrough)
branch  1 taken 0%
        -: 1152:    {
       72: 1153:      char ch = beg[len];
       72: 1154:      bool encoding_errors = buf_has_encoding_errors (beg, len);
call    0 returned 100%
       72: 1155:      beg[len] = ch;
       72: 1156:      if (encoding_errors)
branch  0 taken 0% (fallthrough)
branch  1 taken 100%
        -: 1157:        {
    #####: 1158:          encoding_error_output = true;
    #####: 1159:          return false;
        -: 1160:        }
        -: 1161:    }
        -: 1162:
       72: 1163:  if (out_file)
branch  0 taken 0% (fallthrough)
branch  1 taken 100%
        -: 1164:    {
    #####: 1165:      print_filename ();
call    0 never executed
    #####: 1166:      if (filename_mask)
branch  0 never executed
branch  1 never executed
    #####: 1167:        print_sep (sep);
call    0 never executed
        -: 1168:      else
    #####: 1169:        putchar_errno (0);
call    0 never executed
        -: 1170:    }
        -: 1171:
       72: 1172:  if (out_line)
branch  0 taken 0% (fallthrough)
branch  1 taken 100%
        -: 1173:    {
    #####: 1174:      if (lastnl < lim)
branch  0 never executed
branch  1 never executed
        -: 1175:        {
    #####: 1176:          nlscan (beg);
call    0 never executed
    #####: 1177:          totalnl = add_count (totalnl, 1);
call    0 never executed
    #####: 1178:          lastnl = lim;
        -: 1179:        }
    #####: 1180:      print_offset (totalnl, line_num_color);
call    0 never executed
    #####: 1181:      print_sep (sep);
call    0 never executed
        -: 1182:    }
        -: 1183:
       72: 1184:  if (out_byte)
branch  0 taken 0% (fallthrough)
branch  1 taken 100%
        -: 1185:    {
    #####: 1186:      uintmax_t pos = add_count (totalcc, beg - bufbeg);
call    0 never executed
    #####: 1187:      print_offset (pos, byte_num_color);
call    0 never executed
    #####: 1188:      print_sep (sep);
call    0 never executed
        -: 1189:    }
        -: 1190:
      72*: 1191:  if (align_tabs && (out_file | out_line | out_byte) && len != 0)
branch  0 taken 0% (fallthrough)
branch  1 taken 100%
branch  2 never executed
branch  3 never executed
branch  4 never executed
branch  5 never executed
    #####: 1192:    putchar_errno ('\t');
call    0 never executed
        -: 1193:
       72: 1194:  return true;
        -: 1195:}
        -: 1196:
        -: 1197:static char *
function print_line_middle called 0 returned 0% blocks executed 0%
    #####: 1198:print_line_middle (char *beg, char *lim,
        -: 1199:                   const char *line_color, const char *match_color)
        -: 1200:{
        -: 1201:  size_t match_size;
        -: 1202:  size_t match_offset;
        -: 1203:  char *cur;
    #####: 1204:  char *mid = NULL;
        -: 1205:  char *b;
        -: 1206:
    #####: 1207:  for (cur = beg;
        -: 1208:       (cur < lim
    #####: 1209:        && ((match_offset = execute (compiled_pattern, beg, lim - beg,
branch  0 never executed
branch  1 never executed
call    2 never executed
branch  3 never executed
branch  4 never executed
        -: 1210:                                     &match_size, cur)) != (size_t) -1));
    #####: 1211:       cur = b + match_size)
        -: 1212:    {
    #####: 1213:      b = beg + match_offset;
        -: 1214:
        -: 1215:      /* Avoid matching the empty line at the end of the buffer. */
    #####: 1216:      if (b == lim)
branch  0 never executed
branch  1 never executed
    #####: 1217:        break;
        -: 1218:
        -: 1219:      /* Avoid hanging on grep --color "" foo */
    #####: 1220:      if (match_size == 0)
branch  0 never executed
branch  1 never executed
        -: 1221:        {
        -: 1222:          /* Make minimal progress; there may be further non-empty matches.  */
        -: 1223:          /* XXX - Could really advance by one whole multi-octet character.  */
    #####: 1224:          match_size = 1;
    #####: 1225:          if (!mid)
branch  0 never executed
branch  1 never executed
    #####: 1226:            mid = cur;
        -: 1227:        }
        -: 1228:      else
        -: 1229:        {
        -: 1230:          /* This function is called on a matching line only,
        -: 1231:             but is it selected or rejected/context?  */
    #####: 1232:          if (only_matching)
branch  0 never executed
branch  1 never executed
        -: 1233:            {
    #####: 1234:              char sep = out_invert ? SEP_CHAR_REJECTED : SEP_CHAR_SELECTED;
branch  0 never executed
branch  1 never executed
    #####: 1235:              if (! print_line_head (b, match_size, lim, sep))
call    0 never executed
branch  1 never executed
branch  2 never executed
    #####: 1236:                return NULL;
        -: 1237:            }
        -: 1238:          else
        -: 1239:            {
    #####: 1240:              pr_sgr_start (line_color);
call    0 never executed
    #####: 1241:              if (mid)
branch  0 never executed
branch  1 never executed
        -: 1242:                {
    #####: 1243:                  cur = mid;
    #####: 1244:                  mid = NULL;
        -: 1245:                }
    #####: 1246:              fwrite_errno (cur, 1, b - cur);
call    0 never executed
        -: 1247:            }
        -: 1248:
    #####: 1249:          pr_sgr_start_if (match_color);
call    0 never executed
    #####: 1250:          fwrite_errno (b, 1, match_size);
call    0 never executed
    #####: 1251:          pr_sgr_end_if (match_color);
call    0 never executed
    #####: 1252:          if (only_matching)
branch  0 never executed
branch  1 never executed
    #####: 1253:            putchar_errno (eolbyte);
call    0 never executed
        -: 1254:        }
        -: 1255:    }
        -: 1256:
    #####: 1257:  if (only_matching)
branch  0 never executed
branch  1 never executed
    #####: 1258:    cur = lim;
    #####: 1259:  else if (mid)
branch  0 never executed
branch  1 never executed
    #####: 1260:    cur = mid;
        -: 1261:
    #####: 1262:  return cur;
        -: 1263:}
        -: 1264:
        -: 1265:static char *
function print_line_tail called 0 returned 0% blocks executed 0%
    #####: 1266:print_line_tail (char *beg, const char *lim, const char *line_color)
        -: 1267:{
        -: 1268:  size_t eol_size;
        -: 1269:  size_t tail_size;
        -: 1270:
    #####: 1271:  eol_size   = (lim > beg && lim[-1] == eolbyte);
branch  0 never executed
branch  1 never executed
branch  2 never executed
branch  3 never executed
    #####: 1272:  eol_size  += (lim - eol_size > beg && lim[-(1 + eol_size)] == '\r');
branch  0 never executed
branch  1 never executed
branch  2 never executed
branch  3 never executed
    #####: 1273:  tail_size  =  lim - eol_size - beg;
        -: 1274:
    #####: 1275:  if (tail_size > 0)
branch  0 never executed
branch  1 never executed
        -: 1276:    {
    #####: 1277:      pr_sgr_start (line_color);
call    0 never executed
    #####: 1278:      fwrite_errno (beg, 1, tail_size);
call    0 never executed
    #####: 1279:      beg += tail_size;
    #####: 1280:      pr_sgr_end (line_color);
call    0 never executed
        -: 1281:    }
        -: 1282:
    #####: 1283:  return beg;
        -: 1284:}
        -: 1285:
        -: 1286:static void
function prline called 72 returned 100% blocks executed 34%
       72: 1287:prline (char *beg, char *lim, char sep)
        -: 1288:{
        -: 1289:  bool matching;
        -: 1290:  const char *line_color;
        -: 1291:  const char *match_color;
        -: 1292:
       72: 1293:  if (!only_matching)
branch  0 taken 100% (fallthrough)
branch  1 taken 0%
       72: 1294:    if (! print_line_head (beg, lim - beg - 1, lim, sep))
call    0 returned 100%
branch  1 taken 0% (fallthrough)
branch  2 taken 100%
    #####: 1295:      return;
        -: 1296:
       72: 1297:  matching = (sep == SEP_CHAR_SELECTED) ^ out_invert;
        -: 1298:
       72: 1299:  if (color_option)
branch  0 taken 0% (fallthrough)
branch  1 taken 100%
        -: 1300:    {
    #####: 1301:      line_color = (((sep == SEP_CHAR_SELECTED)
    #####: 1302:                     ^ (out_invert && (color_option < 0)))
branch  0 never executed
branch  1 never executed
    #####: 1303:                    ? selected_line_color  : context_line_color);
branch  0 never executed
branch  1 never executed
branch  2 never executed
branch  3 never executed
    #####: 1304:      match_color = (sep == SEP_CHAR_SELECTED
    #####: 1305:                     ? selected_match_color : context_match_color);
branch  0 never executed
branch  1 never executed
        -: 1306:    }
        -: 1307:  else
       72: 1308:    line_color = match_color = NULL; /* Shouldn't be used.  */
        -: 1309:
      72*: 1310:  if ((only_matching && matching)
branch  0 taken 0% (fallthrough)
branch  1 taken 100%
branch  2 never executed
branch  3 never executed
      72*: 1311:      || (color_option && (*line_color || *match_color)))
branch  0 taken 0% (fallthrough)
branch  1 taken 100%
branch  2 never executed
branch  3 never executed
branch  4 never executed
branch  5 never executed
        -: 1312:    {
        -: 1313:      /* We already know that non-matching lines have no match (to colorize). */
    #####: 1314:      if (matching && (only_matching || *match_color))
branch  0 never executed
branch  1 never executed
branch  2 never executed
branch  3 never executed
branch  4 never executed
branch  5 never executed
        -: 1315:        {
    #####: 1316:          beg = print_line_middle (beg, lim, line_color, match_color);
call    0 never executed
    #####: 1317:          if (! beg)
branch  0 never executed
branch  1 never executed
    #####: 1318:            return;
        -: 1319:        }
        -: 1320:
    #####: 1321:      if (!only_matching && *line_color)
branch  0 never executed
branch  1 never executed
branch  2 never executed
branch  3 never executed
        -: 1322:        {
        -: 1323:          /* This code is exercised at least when grep is invoked like this:
        -: 1324:             echo k| GREP_COLORS='sl=01;32' src/grep k --color=always  */
    #####: 1325:          beg = print_line_tail (beg, lim, line_color);
call    0 never executed
        -: 1326:        }
        -: 1327:    }
        -: 1328:
       72: 1329:  if (!only_matching && lim > beg)
branch  0 taken 100% (fallthrough)
branch  1 taken 0%
branch  2 taken 100% (fallthrough)
branch  3 taken 0%
       72: 1330:    fwrite_errno (beg, 1, lim - beg);
call    0 returned 100%
        -: 1331:
       72: 1332:  if (line_buffered)
branch  0 taken 0% (fallthrough)
branch  1 taken 100%
    #####: 1333:    fflush_errno ();
call    0 never executed
        -: 1334:
       72: 1335:  if (stdout_errno)
branch  0 taken 0% (fallthrough)
branch  1 taken 100%
    #####: 1336:    die (EXIT_TROUBLE, stdout_errno, _("write error"));
call    0 never executed
call    1 never executed
        -: 1337:
       72: 1338:  lastout = lim;
        -: 1339:}
        -: 1340:
        -: 1341:/* Print pending lines of trailing context prior to LIM.  */
        -: 1342:static void
function prpending called 0 returned 0% blocks executed 0%
    #####: 1343:prpending (char const *lim)
        -: 1344:{
    #####: 1345:  if (!lastout)
branch  0 never executed
branch  1 never executed
    #####: 1346:    lastout = bufbeg;
    #####: 1347:  for (; 0 < pending && lastout < lim; pending--)
branch  0 never executed
branch  1 never executed
branch  2 never executed
branch  3 never executed
        -: 1348:    {
    #####: 1349:      char *nl = rawmemchr (lastout, eolbyte);
    #####: 1350:      prline (lastout, nl + 1, SEP_CHAR_REJECTED);
call    0 never executed
        -: 1351:    }
    #####: 1352:}
        -: 1353:
        -: 1354:/* Output the lines between BEG and LIM.  Deal with context.  */
        -: 1355:static void
function prtext called 72 returned 100% blocks executed 49%
       72: 1356:prtext (char *beg, char *lim)
        -: 1357:{
        -: 1358:  static bool used;	/* Avoid printing SEP_STR_GROUP before any output.  */
       72: 1359:  char eol = eolbyte;
        -: 1360:
       72: 1361:  if (!out_quiet && pending > 0)
branch  0 taken 100% (fallthrough)
branch  1 taken 0%
branch  2 taken 0% (fallthrough)
branch  3 taken 100%
    #####: 1362:    prpending (beg);
call    0 never executed
        -: 1363:
       72: 1364:  char *p = beg;
        -: 1365:
       72: 1366:  if (!out_quiet)
branch  0 taken 100% (fallthrough)
branch  1 taken 0%
        -: 1367:    {
        -: 1368:      /* Deal with leading context.  */
       72: 1369:      char const *bp = lastout ? lastout : bufbeg;
branch  0 taken 97% (fallthrough)
branch  1 taken 3%
        -: 1370:      intmax_t i;
      72*: 1371:      for (i = 0; i < out_before; ++i)
branch  0 taken 0%
branch  1 taken 100% (fallthrough)
    #####: 1372:        if (p > bp)
branch  0 never executed
branch  1 never executed
        -: 1373:          do
    #####: 1374:            --p;
    #####: 1375:          while (p[-1] != eol);
branch  0 never executed
branch  1 never executed
        -: 1376:
        -: 1377:      /* Print the group separator unless the output is adjacent to
        -: 1378:         the previous output in the file.  */
      72*: 1379:      if ((0 <= out_before || 0 <= out_after) && used
branch  0 taken 100% (fallthrough)
branch  1 taken 0%
[...]
    #####: 2678:      case 'm':
    #####: 2679:        switch (xstrtoimax (optarg, 0, 10, &max_count, ""))
call    0 never executed
        -: 2680:          {
    #####: 2681:          case LONGINT_OK:
        -: 2682:          case LONGINT_OVERFLOW:
    #####: 2683:            break;
        -: 2684:
    #####: 2685:          default:
    #####: 2686:            die (EXIT_TROUBLE, 0, _("invalid max count"));
call    0 never executed
call    1 never executed
        -: 2687:          }
    #####: 2688:        break;
        -: 2689:
    #####: 2690:      case 'n':
    #####: 2691:        out_line = true;
    #####: 2692:        break;
        -: 2693:
    #####: 2694:      case 'o':
    #####: 2695:        only_matching = true;
    #####: 2696:        break;
        -: 2697:
    #####: 2698:      case 'q':
    #####: 2699:        exit_on_match = true;
    #####: 2700:        exit_failure = 0;
    #####: 2701:        break;
        -: 2702:
    #####: 2703:      case 'R':
    #####: 2704:        fts_options = basic_fts_options | FTS_LOGICAL;
        -: 2705:        FALLTHROUGH;
    #####: 2706:      case 'r':
    #####: 2707:        directories = RECURSE_DIRECTORIES;
    #####: 2708:        last_recursive = prev_optind;
    #####: 2709:        break;
        -: 2710:
    #####: 2711:      case 's':
    #####: 2712:        suppress_errors = true;
    #####: 2713:        break;
        -: 2714:
    #####: 2715:      case 'v':
    #####: 2716:        out_invert = true;
    #####: 2717:        break;
        -: 2718:
    #####: 2719:      case 'w':
    #####: 2720:        wordinit ();
call    0 never executed
    #####: 2721:        match_words = true;
    #####: 2722:        break;
        -: 2723:
    #####: 2724:      case 'x':
    #####: 2725:        match_lines = true;
    #####: 2726:        break;
        -: 2727:
    #####: 2728:      case 'Z':
    #####: 2729:        filename_mask = 0;
    #####: 2730:        break;
        -: 2731:
    #####: 2732:      case 'z':
    #####: 2733:        eolbyte = '\0';
    #####: 2734:        break;
        -: 2735:
    #####: 2736:      case BINARY_FILES_OPTION:
    #####: 2737:        if (STREQ (optarg, "binary"))
branch  0 never executed
branch  1 never executed
    #####: 2738:          binary_files = BINARY_BINARY_FILES;
    #####: 2739:        else if (STREQ (optarg, "text"))
branch  0 never executed
branch  1 never executed
    #####: 2740:          binary_files = TEXT_BINARY_FILES;
    #####: 2741:        else if (STREQ (optarg, "without-match"))
branch  0 never executed
branch  1 never executed
    #####: 2742:          binary_files = WITHOUT_MATCH_BINARY_FILES;
        -: 2743:        else
    #####: 2744:          die (EXIT_TROUBLE, 0, _("unknown binary-files type"));
call    0 never executed
call    1 never executed
    #####: 2745:        break;
        -: 2746:
    #####: 2747:      case COLOR_OPTION:
    #####: 2748:        if (optarg)
branch  0 never executed
branch  1 never executed
        -: 2749:          {
    #####: 2750:            if (!c_strcasecmp (optarg, "always")
branch  0 never executed
branch  1 never executed
    #####: 2751:                || !c_strcasecmp (optarg, "yes")
branch  0 never executed
branch  1 never executed
    #####: 2752:                || !c_strcasecmp (optarg, "force"))
branch  0 never executed
branch  1 never executed
    #####: 2753:              color_option = 1;
    #####: 2754:            else if (!c_strcasecmp (optarg, "never")
branch  0 never executed
branch  1 never executed
    #####: 2755:                     || !c_strcasecmp (optarg, "no")
branch  0 never executed
branch  1 never executed
    #####: 2756:                     || !c_strcasecmp (optarg, "none"))
branch  0 never executed
branch  1 never executed
    #####: 2757:              color_option = 0;
    #####: 2758:            else if (!c_strcasecmp (optarg, "auto")
branch  0 never executed
branch  1 never executed
    #####: 2759:                     || !c_strcasecmp (optarg, "tty")
branch  0 never executed
branch  1 never executed
    #####: 2760:                     || !c_strcasecmp (optarg, "if-tty"))
branch  0 never executed
branch  1 never executed
    #####: 2761:              color_option = 2;
        -: 2762:            else
    #####: 2763:              show_help = 1;
        -: 2764:          }
        -: 2765:        else
    #####: 2766:          color_option = 2;
    #####: 2767:        break;
        -: 2768:
    #####: 2769:      case EXCLUDE_OPTION:
        -: 2770:      case INCLUDE_OPTION:
    #####: 2771:        for (int cmd = 0; cmd < 2; cmd++)
branch  0 never executed
branch  1 never executed
        -: 2772:          {
    #####: 2773:            if (!excluded_patterns[cmd])
branch  0 never executed
branch  1 never executed
    #####: 2774:              excluded_patterns[cmd] = new_exclude ();
call    0 never executed
    #####: 2775:            add_exclude (excluded_patterns[cmd], optarg,
call    0 never executed
    #####: 2776:                         ((opt == INCLUDE_OPTION ? EXCLUDE_INCLUDE : 0)
branch  0 never executed
branch  1 never executed
    #####: 2777:                          | exclude_options (cmd)));
call    0 never executed
        -: 2778:          }
    #####: 2779:        break;
    #####: 2780:      case EXCLUDE_FROM_OPTION:
    #####: 2781:        for (int cmd = 0; cmd < 2; cmd++)
branch  0 never executed
branch  1 never executed
        -: 2782:          {
    #####: 2783:            if (!excluded_patterns[cmd])
branch  0 never executed
branch  1 never executed
    #####: 2784:              excluded_patterns[cmd] = new_exclude ();
call    0 never executed
    #####: 2785:            if (add_exclude_file (add_exclude, excluded_patterns[cmd],
call    0 never executed
call    1 never executed
branch  2 never executed
branch  3 never executed
        -: 2786:                                  optarg, exclude_options (cmd), '\n')
        -: 2787:                != 0)
    #####: 2788:              die (EXIT_TROUBLE, errno, "%s", optarg);
call    0 never executed
call    1 never executed
        -: 2789:          }
    #####: 2790:        break;
        -: 2791:
    #####: 2792:      case EXCLUDE_DIRECTORY_OPTION:
    #####: 2793:        strip_trailing_slashes (optarg);
call    0 never executed
    #####: 2794:        for (int cmd = 0; cmd < 2; cmd++)
branch  0 never executed
branch  1 never executed
        -: 2795:          {
    #####: 2796:            if (!excluded_directory_patterns[cmd])
branch  0 never executed
branch  1 never executed
    #####: 2797:              excluded_directory_patterns[cmd] = new_exclude ();
call    0 never executed
    #####: 2798:            add_exclude (excluded_directory_patterns[cmd], optarg,
call    0 never executed
call    1 never executed
        -: 2799:                         exclude_options (cmd));
        -: 2800:          }
    #####: 2801:        break;
        -: 2802:
    #####: 2803:      case GROUP_SEPARATOR_OPTION:
    #####: 2804:        group_separator = optarg;
    #####: 2805:        break;
        -: 2806:
    #####: 2807:      case LINE_BUFFERED_OPTION:
    #####: 2808:        line_buffered = true;
    #####: 2809:        break;
        -: 2810:
    #####: 2811:      case LABEL_OPTION:
    #####: 2812:        label = optarg;
    #####: 2813:        break;
        -: 2814:
        1: 2815:      case 0:
        -: 2816:        /* long options */
        1: 2817:        break;
        -: 2818:
    #####: 2819:      default:
    #####: 2820:        usage (EXIT_TROUBLE);
call    0 never executed
        -: 2821:        break;
        -: 2822:
        -: 2823:      }
        -: 2824:
        3: 2825:  if (show_version)
branch  0 taken 0% (fallthrough)
branch  1 taken 100%
        -: 2826:    {
    #####: 2827:      version_etc (stdout, getprogname (), PACKAGE_NAME, VERSION,
call    0 never executed
        -: 2828:                   (char *) NULL);
    #####: 2829:      puts (_("Written by Mike Haertel and others; see\n"
call    0 never executed
        -: 2830:              "<https://git.sv.gnu.org/cgit/grep.git/tree/AUTHORS>."));
    #####: 2831:      return EXIT_SUCCESS;
        -: 2832:    }
        -: 2833:
        3: 2834:  if (show_help)
branch  0 taken 33% (fallthrough)
branch  1 taken 67%
        1: 2835:    usage (EXIT_SUCCESS);
call    0 returned 0%
        -: 2836:
        2: 2837:  if (keys)
branch  0 taken 0% (fallthrough)
branch  1 taken 100%
        -: 2838:    {
    #####: 2839:      if (keycc == 0)
branch  0 never executed
branch  1 never executed
        -: 2840:        {
        -: 2841:          /* No keys were specified (e.g. -f /dev/null).  Match nothing.  */
    #####: 2842:          out_invert ^= true;
    #####: 2843:          match_lines = match_words = false;
    #####: 2844:          keys[keycc++] = '\n';
        -: 2845:        }
        -: 2846:    }
        2: 2847:  else if (optind < argc)
branch  0 taken 100% (fallthrough)
branch  1 taken 0%
        -: 2848:    {
        -: 2849:      /* Make a copy so that it can be reallocated or freed later.  */
        2: 2850:      pattern_array = keys = xstrdup (argv[optind++]);
call    0 returned 100%
        2: 2851:      ptrdiff_t patlen = strlen (keys);
        2: 2852:      keys[patlen] = '\n';
        2: 2853:      keycc = update_patterns (keys, 0, patlen + 1, "");
call    0 returned 100%
        -: 2854:    }
        -: 2855:  else
    #####: 2856:    usage (EXIT_TROUBLE);
call    0 never executed
        -: 2857:
        -: 2858:  /* Strip trailing newline from keys.  */
        2: 2859:  keycc--;
        -: 2860:
        2: 2861:  hash_free (pattern_table);
call    0 returned 100%
        -: 2862:
        2: 2863:  bool possibly_tty = false;
        -: 2864:  struct stat tmp_stat;
        2: 2865:  if (! exit_on_match && fstat (STDOUT_FILENO, &tmp_stat) == 0)
branch  0 taken 100% (fallthrough)
branch  1 taken 0%
call    2 returned 100%
branch  3 taken 100% (fallthrough)
branch  4 taken 0%
        -: 2866:    {
        2: 2867:      if (S_ISREG (tmp_stat.st_mode))
branch  0 taken 0% (fallthrough)
branch  1 taken 100%
    #####: 2868:        out_stat = tmp_stat;
        2: 2869:      else if (S_ISCHR (tmp_stat.st_mode))
branch  0 taken 100% (fallthrough)
branch  1 taken 0%
        -: 2870:        {
        -: 2871:          struct stat null_stat;
        2: 2872:          if (stat ("/dev/null", &null_stat) == 0
call    0 returned 100%
branch  1 taken 100% (fallthrough)
branch  2 taken 0%
       2*: 2873:              && SAME_INODE (tmp_stat, null_stat))
branch  0 taken 0% (fallthrough)
branch  1 taken 100%
branch  2 never executed
branch  3 never executed
    #####: 2874:            dev_null_output = true;
        -: 2875:          else
        2: 2876:            possibly_tty = true;
        -: 2877:        }
        -: 2878:    }
        -: 2879:
        -: 2880:  /* POSIX says -c, -l and -q are mutually exclusive.  In this
        -: 2881:     implementation, -q overrides -l and -L, which in turn override -c.  */
        2: 2882:  if (exit_on_match | dev_null_output)
branch  0 taken 0% (fallthrough)
branch  1 taken 100%
    #####: 2883:    list_files = LISTFILES_NONE;
        2: 2884:  if ((exit_on_match | dev_null_output) || list_files != LISTFILES_NONE)
branch  0 taken 100% (fallthrough)
branch  1 taken 0%
branch  2 taken 0% (fallthrough)
branch  3 taken 100%
        -: 2885:    {
    #####: 2886:      count_matches = false;
    #####: 2887:      done_on_match = true;
        -: 2888:    }
        2: 2889:  out_quiet = count_matches | done_on_match;
        -: 2890:
        2: 2891:  if (out_after < 0)
branch  0 taken 100% (fallthrough)
branch  1 taken 0%
        2: 2892:    out_after = default_context;
        2: 2893:  if (out_before < 0)
branch  0 taken 100% (fallthrough)
branch  1 taken 0%
        2: 2894:    out_before = default_context;
        -: 2895:
        -: 2896:  /* If it is easy to see that matching cannot succeed (e.g., 'grep -f
        -: 2897:     /dev/null'), fail without reading the input.  */
        2: 2898:  if ((max_count == 0
branch  0 taken 100% (fallthrough)
branch  1 taken 0%
       2*: 2899:       || (keycc == 0 && out_invert && !match_lines && !match_words))
branch  0 taken 0% (fallthrough)
branch  1 taken 100%
branch  2 never executed
branch  3 never executed
branch  4 never executed
branch  5 never executed
branch  6 never executed
branch  7 never executed
    #####: 2900:      && list_files != LISTFILES_NONMATCHING)
branch  0 never executed
branch  1 never executed
    #####: 2901:    return EXIT_FAILURE;
        -: 2902:
        2: 2903:  if (color_option == 2)
branch  0 taken 0% (fallthrough)
branch  1 taken 100%
    #####: 2904:    color_option = possibly_tty && should_colorize () && isatty (STDOUT_FILENO);
branch  0 never executed
branch  1 never executed
call    2 never executed
branch  3 never executed
branch  4 never executed
call    5 never executed
branch  6 never executed
branch  7 never executed
        2: 2905:  init_colorize ();
call    0 returned 100%
        -: 2906:
        2: 2907:  if (color_option)
branch  0 taken 0% (fallthrough)
branch  1 taken 100%
        -: 2908:    {
        -: 2909:      /* Legacy.  */
    #####: 2910:      char *userval = getenv ("GREP_COLOR");
call    0 never executed
    #####: 2911:      if (userval != NULL && *userval != '\0')
branch  0 never executed
branch  1 never executed
branch  2 never executed
branch  3 never executed
    #####: 2912:        selected_match_color = context_match_color = userval;
        -: 2913:
        -: 2914:      /* New GREP_COLORS has priority.  */
    #####: 2915:      parse_grep_colors ();
call    0 never executed
        -: 2916:    }
        -: 2917:
        2: 2918:  initialize_unibyte_mask ();
call    0 returned 100%
        -: 2919:
        2: 2920:  if (matcher < 0)
branch  0 taken 100% (fallthrough)
branch  1 taken 0%
        2: 2921:    matcher = G_MATCHER_INDEX;
        -: 2922:
        2: 2923:  if (matcher == F_MATCHER_INDEX
branch  0 taken 100% (fallthrough)
branch  1 taken 0%
        2: 2924:      || matcher == E_MATCHER_INDEX || matcher == G_MATCHER_INDEX)
branch  0 taken 100% (fallthrough)
branch  1 taken 0%
branch  2 taken 100% (fallthrough)
branch  3 taken 0%
        -: 2925:    {
        2: 2926:      if (match_icase)
branch  0 taken 0% (fallthrough)
branch  1 taken 100%
    #####: 2927:        setup_ok_fold ();
call    0 never executed
        -: 2928:
        -: 2929:      /* In a single-byte locale, switch from -F to -G if it is a single
        -: 2930:         pattern that matches words, where -G is typically faster.  In a
        -: 2931:         multibyte locale, switch if the patterns have an encoding error
        -: 2932:         (where -F does not work) or if -i and the patterns will not work
        -: 2933:         for -iF.  */
        2: 2934:      if (matcher == F_MATCHER_INDEX)
branch  0 taken 0% (fallthrough)
branch  1 taken 100%
        -: 2935:        {
    #####: 2936:          if (! localeinfo.multibyte
branch  0 never executed
branch  1 never executed
branch  2 never executed
branch  3 never executed
    #####: 2937:              ? n_patterns == 1 && match_words
branch  0 never executed
branch  1 never executed
branch  2 never executed
branch  3 never executed
    #####: 2938:              : (contains_encoding_error (keys, keycc)
call    0 never executed
    #####: 2939:                 || (match_icase && !fgrep_icase_available (keys, keycc))))
branch  0 never executed
branch  1 never executed
branch  2 never executed
branch  3 never executed
call    4 never executed
branch  5 never executed
branch  6 never executed
        -: 2940:            {
    #####: 2941:              fgrep_to_grep_pattern (&pattern_array, &keycc);
call    0 never executed
    #####: 2942:              keys = pattern_array;
    #####: 2943:              matcher = G_MATCHER_INDEX;
        -: 2944:            }
        -: 2945:        }
        -: 2946:      /* With two or more patterns, if -F works then switch from either -E
        -: 2947:         or -G, as -F is probably faster then.  */
        2: 2948:      else if (1 < n_patterns)
branch  0 taken 0% (fallthrough)
branch  1 taken 100%
    #####: 2949:        matcher = try_fgrep_pattern (matcher, keys, &keycc);
call    0 never executed
        -: 2950:    }
        -: 2951:
        2: 2952:  execute = matchers[matcher].execute;
        2: 2953:  compiled_pattern =
        2: 2954:    matchers[matcher].compile (keys, keycc, matchers[matcher].syntax,
        2: 2955:                               only_matching | color_option);
call    0 returned 100%
        -: 2956:  /* We need one byte prior and one after.  */
        2: 2957:  char eolbytes[3] = { 0, eolbyte, 0 };
        -: 2958:  size_t match_size;
        2: 2959:  skip_empty_lines = ((execute (compiled_pattern, eolbytes + 1, 1,
call    0 returned 100%
        2: 2960:                                &match_size, NULL) == 0)
        2: 2961:                      == out_invert);
        -: 2962:
        2: 2963:  int num_operands = argc - optind;
        2: 2964:  out_file = (filename_option == 0 && num_operands <= 1
branch  0 taken 100% (fallthrough)
branch  1 taken 0%
        2: 2965:              ? - (directories == RECURSE_DIRECTORIES)
       4*: 2966:              : 0 <= filename_option);
branch  0 taken 100% (fallthrough)
branch  1 taken 0%
        -: 2967:
        2: 2968:  if (binary)
branch  0 taken 0% (fallthrough)
branch  1 taken 100%
    #####: 2969:    xset_binary_mode (STDOUT_FILENO, O_BINARY);
call    0 never executed
        -: 2970:
        -: 2971:  /* Prefer sysconf for page size, as getpagesize typically returns int.  */
        -: 2972:#ifdef _SC_PAGESIZE
        2: 2973:  long psize = sysconf (_SC_PAGESIZE);
call    0 returned 100%
        -: 2974:#else
        -: 2975:  long psize = getpagesize ();
        -: 2976:#endif
        2: 2977:  if (! (0 < psize && psize <= (SIZE_MAX - sizeof (uword)) / 2))
branch  0 taken 100% (fallthrough)
branch  1 taken 0%
branch  2 taken 0% (fallthrough)
branch  3 taken 100%
    #####: 2978:    abort ();
call    0 never executed
        2: 2979:  pagesize = psize;
       2*: 2980:  bufalloc = ALIGN_TO (INITIAL_BUFSIZE, pagesize) + pagesize + sizeof (uword);
branch  0 taken 0% (fallthrough)
branch  1 taken 100%
        2: 2981:  buffer = xmalloc (bufalloc);
call    0 returned 100%
        -: 2982:
       2*: 2983:  if (fts_options & FTS_LOGICAL && devices == READ_COMMAND_LINE_DEVICES)
branch  0 taken 0% (fallthrough)
branch  1 taken 100%
branch  2 never executed
branch  3 never executed
    #####: 2984:    devices = READ_DEVICES;
        -: 2985:
        -: 2986:  char *const *files;
        2: 2987:  if (0 < num_operands)
branch  0 taken 100% (fallthrough)
branch  1 taken 0%
        -: 2988:    {
        2: 2989:      files = argv + optind;
        -: 2990:    }
    #####: 2991:  else if (directories == RECURSE_DIRECTORIES && 0 < last_recursive)
branch  0 never executed
branch  1 never executed
branch  2 never executed
branch  3 never executed
    #####: 2992:    {
        -: 2993:      static char *const cwd_only[] = { (char *) ".", NULL };
    #####: 2994:      files = cwd_only;
    #####: 2995:      omit_dot_slash = true;
        -: 2996:    }
        -: 2997:  else
        -: 2998:    {
        -: 2999:      static char *const stdin_only[] = { (char *) "-", NULL };
    #####: 3000:      files = stdin_only;
        -: 3001:    }
        -: 3002:
        2: 3003:  bool status = true;
        -: 3004:  do
        2: 3005:    status &= grep_command_line_arg (*files++);
call    0 returned 100%
        2: 3006:  while (*files != NULL);
branch  0 taken 0%
branch  1 taken 100% (fallthrough)
        -: 3007:
        -: 3008:  /* We register via atexit to test stdout.  */
       2*: 3009:  return errseen ? EXIT_TROUBLE : status;
branch  0 taken 0% (fallthrough)
branch  1 taken 100%
        -: 3010:}
